Split 1 / 3
Number of learnable parameters for ActionFormer: 28406945
Epoch: [000/305]
TRAINING:	avg. loss 0.84
VALIDATION:	avg. loss 1.63
		Avg. mAP 0.00 (%) mAP@0.3 0.00 (%) mAP@0.4 0.00 (%) mAP@0.5 0.00 (%) mAP@0.6 0.00 (%) mAP@0.7 0.00 (%) 
		Acc 4.27 (%) Prec 39.61 (%) Rec 4.27 (%) F1 3.19 (%)
Epoch: [001/305]
TRAINING:	avg. loss 0.70
VALIDATION:	avg. loss 1.57
		Avg. mAP 2.76 (%) mAP@0.3 5.23 (%) mAP@0.4 3.68 (%) mAP@0.5 3.04 (%) mAP@0.6 1.43 (%) mAP@0.7 0.42 (%) 
		Acc 9.94 (%) Prec 42.74 (%) Rec 9.94 (%) F1 5.42 (%)
Epoch: [002/305]
TRAINING:	avg. loss 0.66
VALIDATION:	avg. loss 1.46
		Avg. mAP 6.36 (%) mAP@0.3 12.21 (%) mAP@0.4 8.09 (%) mAP@0.5 5.97 (%) mAP@0.6 4.20 (%) mAP@0.7 1.35 (%) 
		Acc 26.54 (%) Prec 47.17 (%) Rec 26.54 (%) F1 12.65 (%)
Epoch: [003/305]
TRAINING:	avg. loss 0.64
VALIDATION:	avg. loss 1.37
		Avg. mAP 14.63 (%) mAP@0.3 27.68 (%) mAP@0.4 19.47 (%) mAP@0.5 14.24 (%) mAP@0.6 7.50 (%) mAP@0.7 4.27 (%) 
		Acc 23.54 (%) Prec 50.13 (%) Rec 23.54 (%) F1 12.24 (%)
Epoch: [004/305]
TRAINING:	avg. loss 0.57
VALIDATION:	avg. loss 1.30
		Avg. mAP 23.07 (%) mAP@0.3 41.51 (%) mAP@0.4 30.59 (%) mAP@0.5 23.21 (%) mAP@0.6 13.36 (%) mAP@0.7 6.70 (%) 
		Acc 31.79 (%) Prec 44.87 (%) Rec 31.79 (%) F1 19.65 (%)
Epoch: [005/305]
TRAINING:	avg. loss 0.50
VALIDATION:	avg. loss 1.23
		Avg. mAP 32.05 (%) mAP@0.3 50.77 (%) mAP@0.4 37.39 (%) mAP@0.5 32.79 (%) mAP@0.6 25.16 (%) mAP@0.7 14.13 (%) 
		Acc 32.38 (%) Prec 56.63 (%) Rec 32.38 (%) F1 25.38 (%)
Epoch: [006/305]
TRAINING:	avg. loss 0.42
VALIDATION:	avg. loss 1.20
		Avg. mAP 35.91 (%) mAP@0.3 54.24 (%) mAP@0.4 41.92 (%) mAP@0.5 36.87 (%) mAP@0.6 28.99 (%) mAP@0.7 17.54 (%) 
		Acc 33.48 (%) Prec 46.41 (%) Rec 33.48 (%) F1 25.07 (%)
Epoch: [007/305]
TRAINING:	avg. loss 0.43
VALIDATION:	avg. loss 1.11
		Avg. mAP 38.31 (%) mAP@0.3 57.11 (%) mAP@0.4 46.03 (%) mAP@0.5 38.46 (%) mAP@0.6 31.26 (%) mAP@0.7 18.68 (%) 
		Acc 53.75 (%) Prec 40.52 (%) Rec 53.75 (%) F1 39.92 (%)
Epoch: [008/305]
TRAINING:	avg. loss 0.41
VALIDATION:	avg. loss 1.13
		Avg. mAP 36.68 (%) mAP@0.3 55.96 (%) mAP@0.4 42.91 (%) mAP@0.5 34.90 (%) mAP@0.6 29.70 (%) mAP@0.7 19.94 (%) 
		Acc 47.14 (%) Prec 52.05 (%) Rec 47.14 (%) F1 37.40 (%)
Epoch: [009/305]
TRAINING:	avg. loss 0.40
VALIDATION:	avg. loss 1.03
		Avg. mAP 41.24 (%) mAP@0.3 59.21 (%) mAP@0.4 48.25 (%) mAP@0.5 41.91 (%) mAP@0.6 33.77 (%) mAP@0.7 23.07 (%) 
		Acc 56.92 (%) Prec 43.60 (%) Rec 56.92 (%) F1 43.88 (%)
Epoch: [010/305]
TRAINING:	avg. loss 0.32
VALIDATION:	avg. loss 1.12
		Avg. mAP 36.40 (%) mAP@0.3 57.54 (%) mAP@0.4 46.81 (%) mAP@0.5 35.79 (%) mAP@0.6 25.30 (%) mAP@0.7 16.53 (%) 
		Acc 50.79 (%) Prec 47.41 (%) Rec 50.79 (%) F1 40.74 (%)
Epoch: [011/305]
TRAINING:	avg. loss 0.33
VALIDATION:	avg. loss 1.10
		Avg. mAP 38.34 (%) mAP@0.3 60.05 (%) mAP@0.4 45.38 (%) mAP@0.5 36.25 (%) mAP@0.6 29.37 (%) mAP@0.7 20.67 (%) 
		Acc 54.47 (%) Prec 50.60 (%) Rec 54.47 (%) F1 43.00 (%)
Epoch: [012/305]
TRAINING:	avg. loss 0.37
VALIDATION:	avg. loss 1.08
		Avg. mAP 39.15 (%) mAP@0.3 59.68 (%) mAP@0.4 48.55 (%) mAP@0.5 39.73 (%) mAP@0.6 30.51 (%) mAP@0.7 17.30 (%) 
		Acc 52.85 (%) Prec 49.43 (%) Rec 52.85 (%) F1 40.78 (%)
Epoch: [013/305]
TRAINING:	avg. loss 0.28
VALIDATION:	avg. loss 1.14
		Avg. mAP 38.84 (%) mAP@0.3 60.07 (%) mAP@0.4 50.47 (%) mAP@0.5 37.01 (%) mAP@0.6 28.08 (%) mAP@0.7 18.55 (%) 
		Acc 55.82 (%) Prec 49.71 (%) Rec 55.82 (%) F1 44.03 (%)
Epoch: [014/305]
TRAINING:	avg. loss 0.34
VALIDATION:	avg. loss 1.05
		Avg. mAP 39.92 (%) mAP@0.3 58.97 (%) mAP@0.4 50.42 (%) mAP@0.5 39.07 (%) mAP@0.6 29.86 (%) mAP@0.7 21.27 (%) 
		Acc 52.99 (%) Prec 48.03 (%) Rec 52.99 (%) F1 41.55 (%)
Epoch: [015/305]
TRAINING:	avg. loss 0.30
VALIDATION:	avg. loss 1.03
		Avg. mAP 46.71 (%) mAP@0.3 61.46 (%) mAP@0.4 57.76 (%) mAP@0.5 49.86 (%) mAP@0.6 37.80 (%) mAP@0.7 26.65 (%) 
		Acc 56.41 (%) Prec 52.01 (%) Rec 56.41 (%) F1 44.78 (%)
Epoch: [016/305]
TRAINING:	avg. loss 0.29
VALIDATION:	avg. loss 1.11
		Avg. mAP 42.18 (%) mAP@0.3 62.64 (%) mAP@0.4 54.81 (%) mAP@0.5 41.99 (%) mAP@0.6 30.19 (%) mAP@0.7 21.24 (%) 
		Acc 64.14 (%) Prec 48.71 (%) Rec 64.14 (%) F1 48.98 (%)
Epoch: [017/305]
TRAINING:	avg. loss 0.22
VALIDATION:	avg. loss 1.14
		Avg. mAP 40.84 (%) mAP@0.3 61.79 (%) mAP@0.4 53.39 (%) mAP@0.5 40.76 (%) mAP@0.6 31.34 (%) mAP@0.7 16.94 (%) 
		Acc 59.36 (%) Prec 52.85 (%) Rec 59.36 (%) F1 47.62 (%)
Epoch: [018/305]
TRAINING:	avg. loss 0.24
VALIDATION:	avg. loss 1.03
		Avg. mAP 45.52 (%) mAP@0.3 63.94 (%) mAP@0.4 55.92 (%) mAP@0.5 44.40 (%) mAP@0.6 37.12 (%) mAP@0.7 26.20 (%) 
		Acc 58.45 (%) Prec 50.49 (%) Rec 58.45 (%) F1 45.61 (%)
Epoch: [019/305]
TRAINING:	avg. loss 0.24
VALIDATION:	avg. loss 1.09
		Avg. mAP 43.05 (%) mAP@0.3 62.96 (%) mAP@0.4 55.09 (%) mAP@0.5 42.82 (%) mAP@0.6 32.40 (%) mAP@0.7 21.97 (%) 
		Acc 63.27 (%) Prec 48.97 (%) Rec 63.27 (%) F1 48.70 (%)
Epoch: [020/305]
TRAINING:	avg. loss 0.25
VALIDATION:	avg. loss 1.04
		Avg. mAP 45.31 (%) mAP@0.3 63.14 (%) mAP@0.4 57.11 (%) mAP@0.5 45.87 (%) mAP@0.6 35.60 (%) mAP@0.7 24.85 (%) 
		Acc 61.01 (%) Prec 50.30 (%) Rec 61.01 (%) F1 48.40 (%)
Epoch: [021/305]
TRAINING:	avg. loss 0.23
VALIDATION:	avg. loss 1.05
		Avg. mAP 46.47 (%) mAP@0.3 62.23 (%) mAP@0.4 56.90 (%) mAP@0.5 48.22 (%) mAP@0.6 38.49 (%) mAP@0.7 26.49 (%) 
		Acc 61.55 (%) Prec 51.66 (%) Rec 61.55 (%) F1 49.81 (%)
Epoch: [022/305]
TRAINING:	avg. loss 0.24
VALIDATION:	avg. loss 1.00
		Avg. mAP 46.37 (%) mAP@0.3 61.81 (%) mAP@0.4 57.61 (%) mAP@0.5 44.79 (%) mAP@0.6 38.13 (%) mAP@0.7 29.51 (%) 
		Acc 59.45 (%) Prec 51.41 (%) Rec 59.45 (%) F1 47.15 (%)
Epoch: [023/305]
TRAINING:	avg. loss 0.20
VALIDATION:	avg. loss 1.09
		Avg. mAP 44.04 (%) mAP@0.3 61.96 (%) mAP@0.4 55.54 (%) mAP@0.5 43.51 (%) mAP@0.6 35.13 (%) mAP@0.7 24.05 (%) 
		Acc 58.60 (%) Prec 51.57 (%) Rec 58.60 (%) F1 46.44 (%)
Epoch: [024/305]
TRAINING:	avg. loss 0.25
VALIDATION:	avg. loss 1.05
		Avg. mAP 45.76 (%) mAP@0.3 61.99 (%) mAP@0.4 56.42 (%) mAP@0.5 45.66 (%) mAP@0.6 36.68 (%) mAP@0.7 28.04 (%) 
		Acc 61.59 (%) Prec 49.50 (%) Rec 61.59 (%) F1 48.52 (%)
Epoch: [025/305]
TRAINING:	avg. loss 0.26
VALIDATION:	avg. loss 1.00
		Avg. mAP 48.24 (%) mAP@0.3 63.80 (%) mAP@0.4 59.36 (%) mAP@0.5 51.32 (%) mAP@0.6 40.30 (%) mAP@0.7 26.44 (%) 
		Acc 60.75 (%) Prec 52.42 (%) Rec 60.75 (%) F1 48.00 (%)
Epoch: [026/305]
TRAINING:	avg. loss 0.21
VALIDATION:	avg. loss 1.13
		Avg. mAP 41.22 (%) mAP@0.3 62.29 (%) mAP@0.4 51.63 (%) mAP@0.5 38.50 (%) mAP@0.6 31.11 (%) mAP@0.7 22.56 (%) 
		Acc 63.35 (%) Prec 51.21 (%) Rec 63.35 (%) F1 49.49 (%)
Epoch: [027/305]
TRAINING:	avg. loss 0.28
VALIDATION:	avg. loss 1.01
		Avg. mAP 47.99 (%) mAP@0.3 64.91 (%) mAP@0.4 58.10 (%) mAP@0.5 47.61 (%) mAP@0.6 39.70 (%) mAP@0.7 29.61 (%) 
		Acc 64.21 (%) Prec 51.35 (%) Rec 64.21 (%) F1 50.10 (%)
Epoch: [028/305]
TRAINING:	avg. loss 0.21
VALIDATION:	avg. loss 0.99
		Avg. mAP 50.80 (%) mAP@0.3 64.38 (%) mAP@0.4 60.51 (%) mAP@0.5 53.35 (%) mAP@0.6 42.48 (%) mAP@0.7 33.27 (%) 
		Acc 60.79 (%) Prec 52.18 (%) Rec 60.79 (%) F1 48.77 (%)
Epoch: [029/305]
TRAINING:	avg. loss 0.21
VALIDATION:	avg. loss 1.28
		Avg. mAP 36.91 (%) mAP@0.3 56.66 (%) mAP@0.4 46.56 (%) mAP@0.5 35.77 (%) mAP@0.6 26.79 (%) mAP@0.7 18.74 (%) 
		Acc 57.13 (%) Prec 44.82 (%) Rec 57.13 (%) F1 42.22 (%)
Epoch: [030/305]
TRAINING:	avg. loss 0.27
VALIDATION:	avg. loss 1.02
		Avg. mAP 49.34 (%) mAP@0.3 64.78 (%) mAP@0.4 60.74 (%) mAP@0.5 50.89 (%) mAP@0.6 43.44 (%) mAP@0.7 26.87 (%) 
		Acc 56.71 (%) Prec 52.24 (%) Rec 56.71 (%) F1 44.11 (%)
Epoch: [031/305]
TRAINING:	avg. loss 0.22
VALIDATION:	avg. loss 1.22
		Avg. mAP 43.48 (%) mAP@0.3 60.46 (%) mAP@0.4 54.16 (%) mAP@0.5 43.83 (%) mAP@0.6 35.08 (%) mAP@0.7 23.88 (%) 
		Acc 45.83 (%) Prec 49.28 (%) Rec 45.83 (%) F1 37.01 (%)
Epoch: [032/305]
TRAINING:	avg. loss 0.22
VALIDATION:	avg. loss 1.04
		Avg. mAP 49.86 (%) mAP@0.3 66.38 (%) mAP@0.4 60.82 (%) mAP@0.5 51.23 (%) mAP@0.6 41.53 (%) mAP@0.7 29.34 (%) 
		Acc 60.61 (%) Prec 52.88 (%) Rec 60.61 (%) F1 46.27 (%)
Epoch: [033/305]
TRAINING:	avg. loss 0.21
VALIDATION:	avg. loss 1.08
		Avg. mAP 45.89 (%) mAP@0.3 64.01 (%) mAP@0.4 57.29 (%) mAP@0.5 45.34 (%) mAP@0.6 35.62 (%) mAP@0.7 27.17 (%) 
		Acc 58.47 (%) Prec 53.87 (%) Rec 58.47 (%) F1 47.75 (%)
Epoch: [034/305]
TRAINING:	avg. loss 0.22
VALIDATION:	avg. loss 1.08
		Avg. mAP 47.21 (%) mAP@0.3 63.10 (%) mAP@0.4 56.99 (%) mAP@0.5 47.20 (%) mAP@0.6 38.98 (%) mAP@0.7 29.79 (%) 
		Acc 58.47 (%) Prec 47.79 (%) Rec 58.47 (%) F1 45.26 (%)
Epoch: [035/305]
TRAINING:	avg. loss 0.22
VALIDATION:	avg. loss 1.06
		Avg. mAP 49.72 (%) mAP@0.3 64.20 (%) mAP@0.4 60.38 (%) mAP@0.5 50.95 (%) mAP@0.6 41.48 (%) mAP@0.7 31.57 (%) 
		Acc 63.79 (%) Prec 49.27 (%) Rec 63.79 (%) F1 50.26 (%)
Epoch: [036/305]
TRAINING:	avg. loss 0.18
VALIDATION:	avg. loss 1.05
		Avg. mAP 51.16 (%) mAP@0.3 65.83 (%) mAP@0.4 60.90 (%) mAP@0.5 53.07 (%) mAP@0.6 42.74 (%) mAP@0.7 33.24 (%) 
		Acc 65.20 (%) Prec 55.41 (%) Rec 65.20 (%) F1 52.67 (%)
Epoch: [037/305]
TRAINING:	avg. loss 0.18
VALIDATION:	avg. loss 1.09
		Avg. mAP 49.70 (%) mAP@0.3 63.50 (%) mAP@0.4 59.71 (%) mAP@0.5 50.62 (%) mAP@0.6 41.83 (%) mAP@0.7 32.85 (%) 
		Acc 58.29 (%) Prec 52.88 (%) Rec 58.29 (%) F1 46.03 (%)
Epoch: [038/305]
TRAINING:	avg. loss 0.22
VALIDATION:	avg. loss 1.01
		Avg. mAP 50.49 (%) mAP@0.3 64.86 (%) mAP@0.4 59.50 (%) mAP@0.5 51.87 (%) mAP@0.6 43.76 (%) mAP@0.7 32.45 (%) 
		Acc 65.19 (%) Prec 53.38 (%) Rec 65.19 (%) F1 52.09 (%)
Epoch: [039/305]
TRAINING:	avg. loss 0.20
VALIDATION:	avg. loss 1.04
		Avg. mAP 48.65 (%) mAP@0.3 64.06 (%) mAP@0.4 60.06 (%) mAP@0.5 51.52 (%) mAP@0.6 39.78 (%) mAP@0.7 27.82 (%) 
		Acc 59.19 (%) Prec 47.61 (%) Rec 59.19 (%) F1 45.76 (%)
Epoch: [040/305]
TRAINING:	avg. loss 0.19
VALIDATION:	avg. loss 1.02
		Avg. mAP 52.57 (%) mAP@0.3 65.98 (%) mAP@0.4 61.68 (%) mAP@0.5 55.65 (%) mAP@0.6 43.77 (%) mAP@0.7 35.77 (%) 
		Acc 63.17 (%) Prec 54.17 (%) Rec 63.17 (%) F1 50.40 (%)
Epoch: [041/305]
TRAINING:	avg. loss 0.18
VALIDATION:	avg. loss 1.03
		Avg. mAP 50.66 (%) mAP@0.3 65.12 (%) mAP@0.4 59.82 (%) mAP@0.5 52.37 (%) mAP@0.6 42.75 (%) mAP@0.7 33.23 (%) 
		Acc 65.81 (%) Prec 49.99 (%) Rec 65.81 (%) F1 51.42 (%)
Epoch: [042/305]
TRAINING:	avg. loss 0.21
VALIDATION:	avg. loss 1.08
		Avg. mAP 48.55 (%) mAP@0.3 64.94 (%) mAP@0.4 57.66 (%) mAP@0.5 48.25 (%) mAP@0.6 39.30 (%) mAP@0.7 32.59 (%) 
		Acc 57.28 (%) Prec 51.00 (%) Rec 57.28 (%) F1 47.22 (%)
Epoch: [043/305]
TRAINING:	avg. loss 0.19
VALIDATION:	avg. loss 1.11
		Avg. mAP 46.96 (%) mAP@0.3 63.47 (%) mAP@0.4 56.82 (%) mAP@0.5 47.03 (%) mAP@0.6 39.48 (%) mAP@0.7 27.98 (%) 
		Acc 55.74 (%) Prec 51.61 (%) Rec 55.74 (%) F1 44.59 (%)
Epoch: [044/305]
TRAINING:	avg. loss 0.20
VALIDATION:	avg. loss 1.14
		Avg. mAP 49.58 (%) mAP@0.3 63.48 (%) mAP@0.4 59.60 (%) mAP@0.5 52.23 (%) mAP@0.6 41.34 (%) mAP@0.7 31.25 (%) 
		Acc 60.64 (%) Prec 48.89 (%) Rec 60.64 (%) F1 46.73 (%)
Epoch: [045/305]
TRAINING:	avg. loss 0.23
VALIDATION:	avg. loss 0.98
		Avg. mAP 52.14 (%) mAP@0.3 66.04 (%) mAP@0.4 61.08 (%) mAP@0.5 51.15 (%) mAP@0.6 45.34 (%) mAP@0.7 37.07 (%) 
		Acc 66.56 (%) Prec 50.01 (%) Rec 66.56 (%) F1 50.88 (%)
Epoch: [046/305]
TRAINING:	avg. loss 0.15
VALIDATION:	avg. loss 1.11
		Avg. mAP 50.10 (%) mAP@0.3 65.74 (%) mAP@0.4 60.65 (%) mAP@0.5 51.57 (%) mAP@0.6 41.90 (%) mAP@0.7 30.63 (%) 
		Acc 63.82 (%) Prec 55.35 (%) Rec 63.82 (%) F1 53.41 (%)
Epoch: [047/305]
TRAINING:	avg. loss 0.14
VALIDATION:	avg. loss 1.08
		Avg. mAP 51.56 (%) mAP@0.3 65.26 (%) mAP@0.4 61.48 (%) mAP@0.5 53.39 (%) mAP@0.6 43.67 (%) mAP@0.7 34.00 (%) 
		Acc 62.40 (%) Prec 53.23 (%) Rec 62.40 (%) F1 48.96 (%)
Epoch: [048/305]
TRAINING:	avg. loss 0.17
VALIDATION:	avg. loss 1.00
		Avg. mAP 54.61 (%) mAP@0.3 67.68 (%) mAP@0.4 63.30 (%) mAP@0.5 57.47 (%) mAP@0.6 47.81 (%) mAP@0.7 36.82 (%) 
		Acc 66.54 (%) Prec 53.55 (%) Rec 66.54 (%) F1 53.07 (%)
Epoch: [049/305]
TRAINING:	avg. loss 0.18
VALIDATION:	avg. loss 1.06
		Avg. mAP 54.64 (%) mAP@0.3 67.27 (%) mAP@0.4 62.86 (%) mAP@0.5 57.18 (%) mAP@0.6 49.65 (%) mAP@0.7 36.24 (%) 
		Acc 67.85 (%) Prec 55.20 (%) Rec 67.85 (%) F1 54.79 (%)
Epoch: [050/305]
TRAINING:	avg. loss 0.17
VALIDATION:	avg. loss 1.11
		Avg. mAP 48.73 (%) mAP@0.3 65.31 (%) mAP@0.4 57.84 (%) mAP@0.5 47.39 (%) mAP@0.6 40.68 (%) mAP@0.7 32.40 (%) 
		Acc 67.51 (%) Prec 47.16 (%) Rec 67.51 (%) F1 53.06 (%)
Epoch: [051/305]
TRAINING:	avg. loss 0.20
VALIDATION:	avg. loss 1.06
		Avg. mAP 53.21 (%) mAP@0.3 65.53 (%) mAP@0.4 62.52 (%) mAP@0.5 53.93 (%) mAP@0.6 47.71 (%) mAP@0.7 36.36 (%) 
		Acc 65.82 (%) Prec 51.95 (%) Rec 65.82 (%) F1 51.47 (%)
Epoch: [052/305]
TRAINING:	avg. loss 0.15
VALIDATION:	avg. loss 1.05
		Avg. mAP 53.70 (%) mAP@0.3 65.73 (%) mAP@0.4 62.73 (%) mAP@0.5 56.29 (%) mAP@0.6 47.05 (%) mAP@0.7 36.71 (%) 
		Acc 62.34 (%) Prec 57.77 (%) Rec 62.34 (%) F1 51.10 (%)
Epoch: [053/305]
TRAINING:	avg. loss 0.15
VALIDATION:	avg. loss 1.13
		Avg. mAP 45.92 (%) mAP@0.3 63.75 (%) mAP@0.4 55.81 (%) mAP@0.5 44.74 (%) mAP@0.6 36.47 (%) mAP@0.7 28.82 (%) 
		Acc 69.66 (%) Prec 53.93 (%) Rec 69.66 (%) F1 55.09 (%)
Epoch: [054/305]
TRAINING:	avg. loss 0.21
VALIDATION:	avg. loss 0.99
		Avg. mAP 55.74 (%) mAP@0.3 66.30 (%) mAP@0.4 64.34 (%) mAP@0.5 57.85 (%) mAP@0.6 50.02 (%) mAP@0.7 40.19 (%) 
		Acc 66.82 (%) Prec 56.12 (%) Rec 66.82 (%) F1 55.29 (%)
Epoch: [055/305]
TRAINING:	avg. loss 0.17
VALIDATION:	avg. loss 1.19
		Avg. mAP 47.24 (%) mAP@0.3 64.39 (%) mAP@0.4 57.71 (%) mAP@0.5 46.66 (%) mAP@0.6 37.46 (%) mAP@0.7 29.95 (%) 
		Acc 67.43 (%) Prec 48.91 (%) Rec 67.43 (%) F1 51.99 (%)
Epoch: [056/305]
TRAINING:	avg. loss 0.16
VALIDATION:	avg. loss 0.98
		Avg. mAP 53.93 (%) mAP@0.3 68.15 (%) mAP@0.4 63.14 (%) mAP@0.5 53.84 (%) mAP@0.6 46.09 (%) mAP@0.7 38.41 (%) 
		Acc 67.39 (%) Prec 49.39 (%) Rec 67.39 (%) F1 51.48 (%)
Epoch: [057/305]
TRAINING:	avg. loss 0.15
VALIDATION:	avg. loss 1.15
		Avg. mAP 52.03 (%) mAP@0.3 65.99 (%) mAP@0.4 60.70 (%) mAP@0.5 53.87 (%) mAP@0.6 44.41 (%) mAP@0.7 35.16 (%) 
		Acc 61.19 (%) Prec 60.65 (%) Rec 61.19 (%) F1 54.19 (%)
Epoch: [058/305]
TRAINING:	avg. loss 0.16
VALIDATION:	avg. loss 1.01
		Avg. mAP 55.72 (%) mAP@0.3 69.49 (%) mAP@0.4 63.98 (%) mAP@0.5 55.91 (%) mAP@0.6 47.96 (%) mAP@0.7 41.26 (%) 
		Acc 69.08 (%) Prec 54.44 (%) Rec 69.08 (%) F1 54.86 (%)
Epoch: [059/305]
TRAINING:	avg. loss 0.15
VALIDATION:	avg. loss 1.09
		Avg. mAP 52.77 (%) mAP@0.3 66.02 (%) mAP@0.4 62.27 (%) mAP@0.5 54.99 (%) mAP@0.6 45.01 (%) mAP@0.7 35.57 (%) 
		Acc 65.12 (%) Prec 51.33 (%) Rec 65.12 (%) F1 51.43 (%)
Epoch: [060/305]
TRAINING:	avg. loss 0.17
VALIDATION:	avg. loss 1.04
		Avg. mAP 53.12 (%) mAP@0.3 66.03 (%) mAP@0.4 61.50 (%) mAP@0.5 52.54 (%) mAP@0.6 45.75 (%) mAP@0.7 39.81 (%) 
		Acc 65.49 (%) Prec 53.25 (%) Rec 65.49 (%) F1 52.21 (%)
Epoch: [061/305]
TRAINING:	avg. loss 0.15
VALIDATION:	avg. loss 1.06
		Avg. mAP 53.47 (%) mAP@0.3 65.10 (%) mAP@0.4 61.50 (%) mAP@0.5 55.82 (%) mAP@0.6 45.96 (%) mAP@0.7 38.98 (%) 
		Acc 65.78 (%) Prec 53.99 (%) Rec 65.78 (%) F1 52.59 (%)
Epoch: [062/305]
TRAINING:	avg. loss 0.13
VALIDATION:	avg. loss 1.16
		Avg. mAP 47.92 (%) mAP@0.3 64.45 (%) mAP@0.4 58.42 (%) mAP@0.5 48.77 (%) mAP@0.6 37.86 (%) mAP@0.7 30.09 (%) 
		Acc 62.63 (%) Prec 51.53 (%) Rec 62.63 (%) F1 49.24 (%)
Epoch: [063/305]
TRAINING:	avg. loss 0.16
VALIDATION:	avg. loss 1.03
		Avg. mAP 53.96 (%) mAP@0.3 66.76 (%) mAP@0.4 60.64 (%) mAP@0.5 52.53 (%) mAP@0.6 47.47 (%) mAP@0.7 42.42 (%) 
		Acc 67.43 (%) Prec 57.16 (%) Rec 67.43 (%) F1 55.25 (%)
Epoch: [064/305]
TRAINING:	avg. loss 0.18
VALIDATION:	avg. loss 1.08
		Avg. mAP 53.36 (%) mAP@0.3 64.95 (%) mAP@0.4 61.57 (%) mAP@0.5 53.18 (%) mAP@0.6 46.86 (%) mAP@0.7 40.24 (%) 
		Acc 66.86 (%) Prec 54.53 (%) Rec 66.86 (%) F1 54.48 (%)
Epoch: [065/305]
TRAINING:	avg. loss 0.14
VALIDATION:	avg. loss 1.03
		Avg. mAP 53.55 (%) mAP@0.3 66.44 (%) mAP@0.4 61.95 (%) mAP@0.5 55.39 (%) mAP@0.6 46.40 (%) mAP@0.7 37.55 (%) 
		Acc 67.08 (%) Prec 53.67 (%) Rec 67.08 (%) F1 53.57 (%)
Epoch: [066/305]
TRAINING:	avg. loss 0.12
VALIDATION:	avg. loss 1.09
		Avg. mAP 54.14 (%) mAP@0.3 66.69 (%) mAP@0.4 61.61 (%) mAP@0.5 55.98 (%) mAP@0.6 47.74 (%) mAP@0.7 38.70 (%) 
		Acc 62.80 (%) Prec 54.37 (%) Rec 62.80 (%) F1 49.86 (%)
Epoch: [067/305]
TRAINING:	avg. loss 0.15
VALIDATION:	avg. loss 1.07
		Avg. mAP 52.70 (%) mAP@0.3 66.73 (%) mAP@0.4 63.84 (%) mAP@0.5 54.44 (%) mAP@0.6 45.57 (%) mAP@0.7 32.91 (%) 
		Acc 63.19 (%) Prec 55.48 (%) Rec 63.19 (%) F1 52.48 (%)
Epoch: [068/305]
TRAINING:	avg. loss 0.15
VALIDATION:	avg. loss 1.17
		Avg. mAP 52.34 (%) mAP@0.3 66.08 (%) mAP@0.4 62.06 (%) mAP@0.5 53.41 (%) mAP@0.6 44.72 (%) mAP@0.7 35.44 (%) 
		Acc 65.96 (%) Prec 50.62 (%) Rec 65.96 (%) F1 52.04 (%)
Epoch: [069/305]
TRAINING:	avg. loss 0.14
VALIDATION:	avg. loss 1.04
		Avg. mAP 55.16 (%) mAP@0.3 67.00 (%) mAP@0.4 62.88 (%) mAP@0.5 54.97 (%) mAP@0.6 48.40 (%) mAP@0.7 42.53 (%) 
		Acc 60.30 (%) Prec 50.58 (%) Rec 60.30 (%) F1 46.92 (%)
Epoch: [070/305]
TRAINING:	avg. loss 0.16
VALIDATION:	avg. loss 1.05
		Avg. mAP 55.09 (%) mAP@0.3 65.72 (%) mAP@0.4 61.58 (%) mAP@0.5 55.98 (%) mAP@0.6 50.12 (%) mAP@0.7 42.04 (%) 
		Acc 62.06 (%) Prec 50.91 (%) Rec 62.06 (%) F1 48.11 (%)
Epoch: [071/305]
TRAINING:	avg. loss 0.14
VALIDATION:	avg. loss 1.06
		Avg. mAP 55.85 (%) mAP@0.3 67.58 (%) mAP@0.4 63.33 (%) mAP@0.5 57.59 (%) mAP@0.6 49.63 (%) mAP@0.7 41.15 (%) 
		Acc 61.84 (%) Prec 55.62 (%) Rec 61.84 (%) F1 50.12 (%)
Epoch: [072/305]
TRAINING:	avg. loss 0.12
VALIDATION:	avg. loss 1.11
		Avg. mAP 51.67 (%) mAP@0.3 65.61 (%) mAP@0.4 61.03 (%) mAP@0.5 50.36 (%) mAP@0.6 46.24 (%) mAP@0.7 35.08 (%) 
		Acc 66.74 (%) Prec 51.00 (%) Rec 66.74 (%) F1 51.93 (%)
Epoch: [073/305]
TRAINING:	avg. loss 0.15
VALIDATION:	avg. loss 1.04
		Avg. mAP 55.63 (%) mAP@0.3 66.09 (%) mAP@0.4 62.88 (%) mAP@0.5 58.10 (%) mAP@0.6 49.68 (%) mAP@0.7 41.41 (%) 
		Acc 62.06 (%) Prec 56.83 (%) Rec 62.06 (%) F1 50.64 (%)
Epoch: [074/305]
TRAINING:	avg. loss 0.14
VALIDATION:	avg. loss 1.07
		Avg. mAP 53.49 (%) mAP@0.3 64.05 (%) mAP@0.4 61.59 (%) mAP@0.5 54.49 (%) mAP@0.6 47.66 (%) mAP@0.7 39.67 (%) 
		Acc 63.51 (%) Prec 54.75 (%) Rec 63.51 (%) F1 50.77 (%)
Epoch: [075/305]
TRAINING:	avg. loss 0.12
VALIDATION:	avg. loss 1.07
		Avg. mAP 54.09 (%) mAP@0.3 66.30 (%) mAP@0.4 61.67 (%) mAP@0.5 55.02 (%) mAP@0.6 47.69 (%) mAP@0.7 39.77 (%) 
		Acc 67.55 (%) Prec 53.57 (%) Rec 67.55 (%) F1 53.76 (%)
Epoch: [076/305]
TRAINING:	avg. loss 0.11
VALIDATION:	avg. loss 1.17
		Avg. mAP 51.52 (%) mAP@0.3 64.78 (%) mAP@0.4 61.10 (%) mAP@0.5 52.44 (%) mAP@0.6 44.53 (%) mAP@0.7 34.76 (%) 
		Acc 65.48 (%) Prec 52.09 (%) Rec 65.48 (%) F1 52.09 (%)
Epoch: [077/305]
TRAINING:	avg. loss 0.13
VALIDATION:	avg. loss 1.06
		Avg. mAP 56.85 (%) mAP@0.3 66.64 (%) mAP@0.4 64.09 (%) mAP@0.5 58.22 (%) mAP@0.6 51.47 (%) mAP@0.7 43.82 (%) 
		Acc 59.75 (%) Prec 56.78 (%) Rec 59.75 (%) F1 50.30 (%)
Epoch: [078/305]
TRAINING:	avg. loss 0.14
VALIDATION:	avg. loss 1.12
		Avg. mAP 54.06 (%) mAP@0.3 67.01 (%) mAP@0.4 62.34 (%) mAP@0.5 53.47 (%) mAP@0.6 48.23 (%) mAP@0.7 39.23 (%) 
		Acc 69.94 (%) Prec 56.80 (%) Rec 69.94 (%) F1 56.84 (%)
Epoch: [079/305]
TRAINING:	avg. loss 0.12
VALIDATION:	avg. loss 1.07
		Avg. mAP 56.51 (%) mAP@0.3 67.49 (%) mAP@0.4 63.82 (%) mAP@0.5 57.95 (%) mAP@0.6 48.96 (%) mAP@0.7 44.32 (%) 
		Acc 67.39 (%) Prec 54.36 (%) Rec 67.39 (%) F1 54.64 (%)
Epoch: [080/305]
TRAINING:	avg. loss 0.12
VALIDATION:	avg. loss 1.08
		Avg. mAP 54.46 (%) mAP@0.3 67.64 (%) mAP@0.4 62.90 (%) mAP@0.5 53.91 (%) mAP@0.6 48.06 (%) mAP@0.7 39.76 (%) 
		Acc 68.69 (%) Prec 54.82 (%) Rec 68.69 (%) F1 54.63 (%)
Epoch: [081/305]
TRAINING:	avg. loss 0.11
VALIDATION:	avg. loss 1.11
		Avg. mAP 53.27 (%) mAP@0.3 66.75 (%) mAP@0.4 61.35 (%) mAP@0.5 53.30 (%) mAP@0.6 46.16 (%) mAP@0.7 38.80 (%) 
		Acc 67.52 (%) Prec 50.81 (%) Rec 67.52 (%) F1 52.78 (%)
Epoch: [082/305]
TRAINING:	avg. loss 0.11
VALIDATION:	avg. loss 1.06
		Avg. mAP 56.44 (%) mAP@0.3 67.42 (%) mAP@0.4 64.39 (%) mAP@0.5 58.81 (%) mAP@0.6 48.86 (%) mAP@0.7 42.69 (%) 
		Acc 67.84 (%) Prec 55.65 (%) Rec 67.84 (%) F1 54.62 (%)
Epoch: [083/305]
TRAINING:	avg. loss 0.14
VALIDATION:	avg. loss 1.07
		Avg. mAP 54.57 (%) mAP@0.3 65.97 (%) mAP@0.4 62.14 (%) mAP@0.5 53.85 (%) mAP@0.6 48.31 (%) mAP@0.7 42.58 (%) 
		Acc 64.58 (%) Prec 50.95 (%) Rec 64.58 (%) F1 50.59 (%)
Epoch: [084/305]
TRAINING:	avg. loss 0.12
VALIDATION:	avg. loss 1.06
		Avg. mAP 55.38 (%) mAP@0.3 67.50 (%) mAP@0.4 63.55 (%) mAP@0.5 55.84 (%) mAP@0.6 48.50 (%) mAP@0.7 41.50 (%) 
		Acc 65.68 (%) Prec 53.14 (%) Rec 65.68 (%) F1 52.37 (%)
Epoch: [085/305]
TRAINING:	avg. loss 0.16
VALIDATION:	avg. loss 1.10
		Avg. mAP 55.23 (%) mAP@0.3 67.72 (%) mAP@0.4 62.98 (%) mAP@0.5 54.10 (%) mAP@0.6 48.39 (%) mAP@0.7 42.96 (%) 
		Acc 58.60 (%) Prec 55.61 (%) Rec 58.60 (%) F1 48.17 (%)
Epoch: [086/305]
TRAINING:	avg. loss 0.12
VALIDATION:	avg. loss 1.07
		Avg. mAP 56.66 (%) mAP@0.3 66.63 (%) mAP@0.4 62.99 (%) mAP@0.5 57.23 (%) mAP@0.6 51.01 (%) mAP@0.7 45.47 (%) 
		Acc 59.38 (%) Prec 52.96 (%) Rec 59.38 (%) F1 47.42 (%)
Epoch: [087/305]
TRAINING:	avg. loss 0.14
VALIDATION:	avg. loss 1.12
		Avg. mAP 50.53 (%) mAP@0.3 64.34 (%) mAP@0.4 60.08 (%) mAP@0.5 51.42 (%) mAP@0.6 43.92 (%) mAP@0.7 32.90 (%) 
		Acc 65.62 (%) Prec 51.75 (%) Rec 65.62 (%) F1 50.00 (%)
Epoch: [088/305]
TRAINING:	avg. loss 0.11
VALIDATION:	avg. loss 1.05
		Avg. mAP 54.71 (%) mAP@0.3 65.73 (%) mAP@0.4 61.48 (%) mAP@0.5 55.09 (%) mAP@0.6 49.05 (%) mAP@0.7 42.18 (%) 
		Acc 68.24 (%) Prec 54.47 (%) Rec 68.24 (%) F1 54.34 (%)
Epoch: [089/305]
TRAINING:	avg. loss 0.12
VALIDATION:	avg. loss 1.16
		Avg. mAP 53.29 (%) mAP@0.3 65.97 (%) mAP@0.4 60.22 (%) mAP@0.5 53.21 (%) mAP@0.6 47.71 (%) mAP@0.7 39.35 (%) 
		Acc 65.05 (%) Prec 53.98 (%) Rec 65.05 (%) F1 53.65 (%)
Epoch: [090/305]
TRAINING:	avg. loss 0.12
VALIDATION:	avg. loss 1.04
		Avg. mAP 56.29 (%) mAP@0.3 67.12 (%) mAP@0.4 63.14 (%) mAP@0.5 57.36 (%) mAP@0.6 50.63 (%) mAP@0.7 43.23 (%) 
		Acc 66.23 (%) Prec 55.10 (%) Rec 66.23 (%) F1 52.52 (%)
Epoch: [091/305]
TRAINING:	avg. loss 0.12
VALIDATION:	avg. loss 1.03
		Avg. mAP 57.74 (%) mAP@0.3 67.90 (%) mAP@0.4 63.61 (%) mAP@0.5 59.15 (%) mAP@0.6 52.49 (%) mAP@0.7 45.57 (%) 
		Acc 67.67 (%) Prec 54.19 (%) Rec 67.67 (%) F1 53.93 (%)
Epoch: [092/305]
TRAINING:	avg. loss 0.11
VALIDATION:	avg. loss 1.11
		Avg. mAP 55.92 (%) mAP@0.3 68.04 (%) mAP@0.4 64.46 (%) mAP@0.5 55.79 (%) mAP@0.6 48.47 (%) mAP@0.7 42.81 (%) 
		Acc 66.80 (%) Prec 54.90 (%) Rec 66.80 (%) F1 54.04 (%)
Epoch: [093/305]
TRAINING:	avg. loss 0.13
VALIDATION:	avg. loss 1.07
		Avg. mAP 56.52 (%) mAP@0.3 66.19 (%) mAP@0.4 64.06 (%) mAP@0.5 58.01 (%) mAP@0.6 50.78 (%) mAP@0.7 43.58 (%) 
		Acc 64.94 (%) Prec 53.48 (%) Rec 64.94 (%) F1 51.47 (%)
Epoch: [094/305]
TRAINING:	avg. loss 0.11
VALIDATION:	avg. loss 1.05
		Avg. mAP 53.78 (%) mAP@0.3 67.18 (%) mAP@0.4 60.85 (%) mAP@0.5 53.92 (%) mAP@0.6 46.28 (%) mAP@0.7 40.68 (%) 
		Acc 67.36 (%) Prec 47.81 (%) Rec 67.36 (%) F1 51.03 (%)
Epoch: [095/305]
TRAINING:	avg. loss 0.10
VALIDATION:	avg. loss 1.13
		Avg. mAP 52.65 (%) mAP@0.3 66.28 (%) mAP@0.4 60.90 (%) mAP@0.5 52.06 (%) mAP@0.6 45.27 (%) mAP@0.7 38.75 (%) 
		Acc 64.52 (%) Prec 52.24 (%) Rec 64.52 (%) F1 50.90 (%)
Epoch: [096/305]
TRAINING:	avg. loss 0.10
VALIDATION:	avg. loss 1.10
		Avg. mAP 55.34 (%) mAP@0.3 65.82 (%) mAP@0.4 61.24 (%) mAP@0.5 55.85 (%) mAP@0.6 49.13 (%) mAP@0.7 44.64 (%) 
		Acc 63.20 (%) Prec 53.13 (%) Rec 63.20 (%) F1 49.97 (%)
Epoch: [097/305]
TRAINING:	avg. loss 0.10
VALIDATION:	avg. loss 1.10
		Avg. mAP 53.04 (%) mAP@0.3 65.84 (%) mAP@0.4 60.23 (%) mAP@0.5 52.65 (%) mAP@0.6 46.78 (%) mAP@0.7 39.69 (%) 
		Acc 68.07 (%) Prec 46.73 (%) Rec 68.07 (%) F1 52.29 (%)
Epoch: [098/305]
TRAINING:	avg. loss 0.10
VALIDATION:	avg. loss 1.04
		Avg. mAP 57.24 (%) mAP@0.3 67.61 (%) mAP@0.4 64.05 (%) mAP@0.5 57.82 (%) mAP@0.6 51.80 (%) mAP@0.7 44.90 (%) 
		Acc 68.53 (%) Prec 54.50 (%) Rec 68.53 (%) F1 54.59 (%)
Epoch: [099/305]
TRAINING:	avg. loss 0.12
VALIDATION:	avg. loss 1.17
		Avg. mAP 53.64 (%) mAP@0.3 65.88 (%) mAP@0.4 60.45 (%) mAP@0.5 54.50 (%) mAP@0.6 47.21 (%) mAP@0.7 40.17 (%) 
		Acc 62.75 (%) Prec 52.08 (%) Rec 62.75 (%) F1 49.96 (%)
Epoch: [100/305]
TRAINING:	avg. loss 0.13
VALIDATION:	avg. loss 1.07
		Avg. mAP 55.96 (%) mAP@0.3 67.58 (%) mAP@0.4 62.61 (%) mAP@0.5 55.45 (%) mAP@0.6 50.32 (%) mAP@0.7 43.83 (%) 
		Acc 64.72 (%) Prec 54.75 (%) Rec 64.72 (%) F1 52.65 (%)
Epoch: [101/305]
TRAINING:	avg. loss 0.13
VALIDATION:	avg. loss 1.06
		Avg. mAP 57.99 (%) mAP@0.3 68.28 (%) mAP@0.4 64.36 (%) mAP@0.5 58.08 (%) mAP@0.6 53.09 (%) mAP@0.7 46.16 (%) 
		Acc 68.22 (%) Prec 56.99 (%) Rec 68.22 (%) F1 56.00 (%)
Epoch: [102/305]
TRAINING:	avg. loss 0.11
VALIDATION:	avg. loss 1.12
		Avg. mAP 54.50 (%) mAP@0.3 66.72 (%) mAP@0.4 61.22 (%) mAP@0.5 54.57 (%) mAP@0.6 48.11 (%) mAP@0.7 41.89 (%) 
		Acc 68.89 (%) Prec 55.85 (%) Rec 68.89 (%) F1 54.90 (%)
Epoch: [103/305]
TRAINING:	avg. loss 0.11
VALIDATION:	avg. loss 1.01
		Avg. mAP 57.83 (%) mAP@0.3 65.39 (%) mAP@0.4 64.03 (%) mAP@0.5 58.78 (%) mAP@0.6 53.21 (%) mAP@0.7 47.73 (%) 
		Acc 65.72 (%) Prec 54.39 (%) Rec 65.72 (%) F1 52.38 (%)
Epoch: [104/305]
TRAINING:	avg. loss 0.09
VALIDATION:	avg. loss 1.04
		Avg. mAP 56.70 (%) mAP@0.3 66.36 (%) mAP@0.4 63.70 (%) mAP@0.5 57.59 (%) mAP@0.6 50.55 (%) mAP@0.7 45.30 (%) 
		Acc 67.12 (%) Prec 53.04 (%) Rec 67.12 (%) F1 53.22 (%)
Epoch: [105/305]
TRAINING:	avg. loss 0.09
VALIDATION:	avg. loss 1.07
		Avg. mAP 56.06 (%) mAP@0.3 68.11 (%) mAP@0.4 64.04 (%) mAP@0.5 56.22 (%) mAP@0.6 48.30 (%) mAP@0.7 43.65 (%) 
		Acc 68.47 (%) Prec 54.42 (%) Rec 68.47 (%) F1 54.59 (%)
Epoch: [106/305]
TRAINING:	avg. loss 0.09
VALIDATION:	avg. loss 1.12
		Avg. mAP 57.04 (%) mAP@0.3 68.22 (%) mAP@0.4 64.86 (%) mAP@0.5 57.84 (%) mAP@0.6 50.26 (%) mAP@0.7 44.03 (%) 
		Acc 69.12 (%) Prec 56.74 (%) Rec 69.12 (%) F1 55.19 (%)
Epoch: [107/305]
TRAINING:	avg. loss 0.12
VALIDATION:	avg. loss 1.04
		Avg. mAP 58.37 (%) mAP@0.3 68.31 (%) mAP@0.4 66.59 (%) mAP@0.5 58.05 (%) mAP@0.6 53.03 (%) mAP@0.7 45.86 (%) 
		Acc 67.98 (%) Prec 54.18 (%) Rec 67.98 (%) F1 53.83 (%)
Epoch: [108/305]
TRAINING:	avg. loss 0.11
VALIDATION:	avg. loss 1.12
		Avg. mAP 56.07 (%) mAP@0.3 66.35 (%) mAP@0.4 61.80 (%) mAP@0.5 55.83 (%) mAP@0.6 50.83 (%) mAP@0.7 45.55 (%) 
		Acc 68.33 (%) Prec 56.33 (%) Rec 68.33 (%) F1 55.31 (%)
Epoch: [109/305]
TRAINING:	avg. loss 0.08
VALIDATION:	avg. loss 1.05
		Avg. mAP 59.15 (%) mAP@0.3 67.56 (%) mAP@0.4 65.93 (%) mAP@0.5 59.72 (%) mAP@0.6 54.08 (%) mAP@0.7 48.45 (%) 
		Acc 65.58 (%) Prec 55.02 (%) Rec 65.58 (%) F1 53.97 (%)
Epoch: [110/305]
TRAINING:	avg. loss 0.12
VALIDATION:	avg. loss 1.10
		Avg. mAP 53.92 (%) mAP@0.3 67.62 (%) mAP@0.4 62.03 (%) mAP@0.5 53.41 (%) mAP@0.6 47.27 (%) mAP@0.7 39.30 (%) 
		Acc 65.24 (%) Prec 51.84 (%) Rec 65.24 (%) F1 51.91 (%)
Epoch: [111/305]
TRAINING:	avg. loss 0.12
VALIDATION:	avg. loss 1.02
		Avg. mAP 59.51 (%) mAP@0.3 68.68 (%) mAP@0.4 66.77 (%) mAP@0.5 60.44 (%) mAP@0.6 53.26 (%) mAP@0.7 48.40 (%) 
		Acc 67.40 (%) Prec 52.35 (%) Rec 67.40 (%) F1 53.77 (%)
Epoch: [112/305]
TRAINING:	avg. loss 0.09
VALIDATION:	avg. loss 1.13
		Avg. mAP 56.35 (%) mAP@0.3 67.36 (%) mAP@0.4 64.08 (%) mAP@0.5 57.33 (%) mAP@0.6 49.08 (%) mAP@0.7 43.92 (%) 
		Acc 68.52 (%) Prec 55.34 (%) Rec 68.52 (%) F1 54.81 (%)
Epoch: [113/305]
TRAINING:	avg. loss 0.11
VALIDATION:	avg. loss 1.00
		Avg. mAP 59.71 (%) mAP@0.3 69.02 (%) mAP@0.4 67.01 (%) mAP@0.5 60.69 (%) mAP@0.6 53.67 (%) mAP@0.7 48.13 (%) 
		Acc 70.65 (%) Prec 55.23 (%) Rec 70.65 (%) F1 56.00 (%)
Epoch: [114/305]
TRAINING:	avg. loss 0.10
VALIDATION:	avg. loss 1.09
		Avg. mAP 56.75 (%) mAP@0.3 69.08 (%) mAP@0.4 65.31 (%) mAP@0.5 56.90 (%) mAP@0.6 49.47 (%) mAP@0.7 42.99 (%) 
		Acc 68.12 (%) Prec 53.06 (%) Rec 68.12 (%) F1 53.79 (%)
Epoch: [115/305]
TRAINING:	avg. loss 0.10
VALIDATION:	avg. loss 1.07
		Avg. mAP 58.54 (%) mAP@0.3 68.04 (%) mAP@0.4 66.24 (%) mAP@0.5 59.02 (%) mAP@0.6 53.47 (%) mAP@0.7 45.91 (%) 
		Acc 67.44 (%) Prec 54.95 (%) Rec 67.44 (%) F1 53.91 (%)
Epoch: [116/305]
TRAINING:	avg. loss 0.10
VALIDATION:	avg. loss 1.01
		Avg. mAP 59.06 (%) mAP@0.3 68.72 (%) mAP@0.4 67.62 (%) mAP@0.5 58.41 (%) mAP@0.6 53.96 (%) mAP@0.7 46.59 (%) 
		Acc 69.01 (%) Prec 56.16 (%) Rec 69.01 (%) F1 56.16 (%)
Epoch: [117/305]
TRAINING:	avg. loss 0.10
VALIDATION:	avg. loss 1.13
		Avg. mAP 57.02 (%) mAP@0.3 67.37 (%) mAP@0.4 65.39 (%) mAP@0.5 58.04 (%) mAP@0.6 50.21 (%) mAP@0.7 44.10 (%) 
		Acc 67.16 (%) Prec 50.56 (%) Rec 67.16 (%) F1 53.06 (%)
Epoch: [118/305]
TRAINING:	avg. loss 0.10
VALIDATION:	avg. loss 1.06
		Avg. mAP 59.95 (%) mAP@0.3 69.18 (%) mAP@0.4 67.15 (%) mAP@0.5 61.43 (%) mAP@0.6 53.69 (%) mAP@0.7 48.32 (%) 
		Acc 67.80 (%) Prec 55.50 (%) Rec 67.80 (%) F1 54.85 (%)
Epoch: [119/305]
TRAINING:	avg. loss 0.08
VALIDATION:	avg. loss 1.09
		Avg. mAP 58.89 (%) mAP@0.3 68.91 (%) mAP@0.4 66.72 (%) mAP@0.5 60.51 (%) mAP@0.6 52.39 (%) mAP@0.7 45.93 (%) 
		Acc 68.20 (%) Prec 56.08 (%) Rec 68.20 (%) F1 55.31 (%)
Epoch: [120/305]
TRAINING:	avg. loss 0.09
VALIDATION:	avg. loss 1.12
		Avg. mAP 54.85 (%) mAP@0.3 66.33 (%) mAP@0.4 63.35 (%) mAP@0.5 55.77 (%) mAP@0.6 47.21 (%) mAP@0.7 41.63 (%) 
		Acc 66.33 (%) Prec 54.26 (%) Rec 66.33 (%) F1 53.47 (%)
Epoch: [121/305]
TRAINING:	avg. loss 0.11
VALIDATION:	avg. loss 1.01
		Avg. mAP 58.83 (%) mAP@0.3 69.34 (%) mAP@0.4 66.45 (%) mAP@0.5 59.69 (%) mAP@0.6 52.52 (%) mAP@0.7 46.13 (%) 
		Acc 68.88 (%) Prec 56.46 (%) Rec 68.88 (%) F1 55.65 (%)
Epoch: [122/305]
TRAINING:	avg. loss 0.09
VALIDATION:	avg. loss 1.09
		Avg. mAP 57.05 (%) mAP@0.3 67.71 (%) mAP@0.4 64.69 (%) mAP@0.5 58.26 (%) mAP@0.6 50.16 (%) mAP@0.7 44.42 (%) 
		Acc 66.91 (%) Prec 52.03 (%) Rec 66.91 (%) F1 52.82 (%)
Epoch: [123/305]
TRAINING:	avg. loss 0.09
VALIDATION:	avg. loss 1.04
		Avg. mAP 58.59 (%) mAP@0.3 70.04 (%) mAP@0.4 67.05 (%) mAP@0.5 59.68 (%) mAP@0.6 52.63 (%) mAP@0.7 43.55 (%) 
		Acc 68.95 (%) Prec 53.50 (%) Rec 68.95 (%) F1 54.42 (%)
Epoch: [124/305]
TRAINING:	avg. loss 0.09
VALIDATION:	avg. loss 1.08
		Avg. mAP 60.91 (%) mAP@0.3 70.72 (%) mAP@0.4 68.47 (%) mAP@0.5 62.72 (%) mAP@0.6 53.51 (%) mAP@0.7 49.13 (%) 
		Acc 69.48 (%) Prec 53.15 (%) Rec 69.48 (%) F1 54.77 (%)
Epoch: [125/305]
TRAINING:	avg. loss 0.09
VALIDATION:	avg. loss 1.08
		Avg. mAP 58.69 (%) mAP@0.3 68.96 (%) mAP@0.4 64.65 (%) mAP@0.5 59.68 (%) mAP@0.6 53.33 (%) mAP@0.7 46.85 (%) 
		Acc 65.55 (%) Prec 52.50 (%) Rec 65.55 (%) F1 51.23 (%)
Epoch: [126/305]
TRAINING:	avg. loss 0.08
VALIDATION:	avg. loss 1.21
		Avg. mAP 53.57 (%) mAP@0.3 65.99 (%) mAP@0.4 61.27 (%) mAP@0.5 53.55 (%) mAP@0.6 47.00 (%) mAP@0.7 40.02 (%) 
		Acc 65.48 (%) Prec 52.54 (%) Rec 65.48 (%) F1 52.08 (%)
Epoch: [127/305]
TRAINING:	avg. loss 0.09
VALIDATION:	avg. loss 1.13
		Avg. mAP 57.70 (%) mAP@0.3 67.54 (%) mAP@0.4 65.08 (%) mAP@0.5 58.29 (%) mAP@0.6 52.17 (%) mAP@0.7 45.42 (%) 
		Acc 67.61 (%) Prec 52.95 (%) Rec 67.61 (%) F1 53.72 (%)
Epoch: [128/305]
TRAINING:	avg. loss 0.10
VALIDATION:	avg. loss 1.12
		Avg. mAP 56.24 (%) mAP@0.3 69.25 (%) mAP@0.4 64.18 (%) mAP@0.5 56.29 (%) mAP@0.6 47.44 (%) mAP@0.7 44.01 (%) 
		Acc 67.29 (%) Prec 51.55 (%) Rec 67.29 (%) F1 53.18 (%)
Epoch: [129/305]
TRAINING:	avg. loss 0.10
VALIDATION:	avg. loss 1.10
		Avg. mAP 58.82 (%) mAP@0.3 68.01 (%) mAP@0.4 65.68 (%) mAP@0.5 60.10 (%) mAP@0.6 54.04 (%) mAP@0.7 46.28 (%) 
		Acc 68.44 (%) Prec 55.07 (%) Rec 68.44 (%) F1 55.23 (%)
Epoch: [130/305]
TRAINING:	avg. loss 0.12
VALIDATION:	avg. loss 1.07
		Avg. mAP 56.90 (%) mAP@0.3 67.89 (%) mAP@0.4 64.46 (%) mAP@0.5 56.98 (%) mAP@0.6 50.95 (%) mAP@0.7 44.23 (%) 
		Acc 68.82 (%) Prec 52.31 (%) Rec 68.82 (%) F1 54.11 (%)
Epoch: [131/305]
TRAINING:	avg. loss 0.10
VALIDATION:	avg. loss 1.04
		Avg. mAP 60.31 (%) mAP@0.3 69.92 (%) mAP@0.4 67.34 (%) mAP@0.5 61.92 (%) mAP@0.6 53.72 (%) mAP@0.7 48.66 (%) 
		Acc 67.78 (%) Prec 53.92 (%) Rec 67.78 (%) F1 53.80 (%)
Epoch: [132/305]
TRAINING:	avg. loss 0.09
VALIDATION:	avg. loss 1.17
		Avg. mAP 57.05 (%) mAP@0.3 67.22 (%) mAP@0.4 64.86 (%) mAP@0.5 58.34 (%) mAP@0.6 51.34 (%) mAP@0.7 43.49 (%) 
		Acc 65.67 (%) Prec 52.35 (%) Rec 65.67 (%) F1 52.25 (%)
Epoch: [133/305]
TRAINING:	avg. loss 0.09
VALIDATION:	avg. loss 1.06
		Avg. mAP 58.57 (%) mAP@0.3 68.27 (%) mAP@0.4 66.44 (%) mAP@0.5 60.07 (%) mAP@0.6 52.31 (%) mAP@0.7 45.74 (%) 
		Acc 68.82 (%) Prec 53.60 (%) Rec 68.82 (%) F1 54.79 (%)
Epoch: [134/305]
TRAINING:	avg. loss 0.09
VALIDATION:	avg. loss 1.11
		Avg. mAP 57.40 (%) mAP@0.3 67.36 (%) mAP@0.4 64.78 (%) mAP@0.5 58.36 (%) mAP@0.6 51.98 (%) mAP@0.7 44.49 (%) 
		Acc 68.44 (%) Prec 53.71 (%) Rec 68.44 (%) F1 54.82 (%)
Epoch: [135/305]
TRAINING:	avg. loss 0.10
VALIDATION:	avg. loss 1.08
		Avg. mAP 58.16 (%) mAP@0.3 68.31 (%) mAP@0.4 65.44 (%) mAP@0.5 58.62 (%) mAP@0.6 52.99 (%) mAP@0.7 45.43 (%) 
		Acc 67.87 (%) Prec 54.18 (%) Rec 67.87 (%) F1 54.54 (%)
Epoch: [136/305]
TRAINING:	avg. loss 0.09
VALIDATION:	avg. loss 1.12
		Avg. mAP 58.32 (%) mAP@0.3 68.20 (%) mAP@0.4 64.78 (%) mAP@0.5 58.81 (%) mAP@0.6 53.09 (%) mAP@0.7 46.70 (%) 
		Acc 69.04 (%) Prec 55.87 (%) Rec 69.04 (%) F1 56.05 (%)
Epoch: [137/305]
TRAINING:	avg. loss 0.10
VALIDATION:	avg. loss 1.05
		Avg. mAP 61.58 (%) mAP@0.3 70.61 (%) mAP@0.4 69.22 (%) mAP@0.5 63.07 (%) mAP@0.6 55.45 (%) mAP@0.7 49.54 (%) 
		Acc 70.06 (%) Prec 56.42 (%) Rec 70.06 (%) F1 56.85 (%)
Epoch: [138/305]
TRAINING:	avg. loss 0.09
VALIDATION:	avg. loss 1.03
		Avg. mAP 60.83 (%) mAP@0.3 68.83 (%) mAP@0.4 67.56 (%) mAP@0.5 62.18 (%) mAP@0.6 54.36 (%) mAP@0.7 51.25 (%) 
		Acc 65.17 (%) Prec 51.70 (%) Rec 65.17 (%) F1 51.53 (%)
Epoch: [139/305]
TRAINING:	avg. loss 0.08
VALIDATION:	avg. loss 1.16
		Avg. mAP 56.31 (%) mAP@0.3 66.62 (%) mAP@0.4 63.68 (%) mAP@0.5 57.84 (%) mAP@0.6 50.54 (%) mAP@0.7 42.89 (%) 
		Acc 67.90 (%) Prec 51.58 (%) Rec 67.90 (%) F1 53.15 (%)
Epoch: [140/305]
TRAINING:	avg. loss 0.08
VALIDATION:	avg. loss 1.04
		Avg. mAP 60.78 (%) mAP@0.3 69.92 (%) mAP@0.4 67.79 (%) mAP@0.5 62.56 (%) mAP@0.6 55.50 (%) mAP@0.7 48.12 (%) 
		Acc 70.98 (%) Prec 54.91 (%) Rec 70.98 (%) F1 56.76 (%)
Epoch: [141/305]
TRAINING:	avg. loss 0.08
VALIDATION:	avg. loss 1.09
		Avg. mAP 57.17 (%) mAP@0.3 67.92 (%) mAP@0.4 64.67 (%) mAP@0.5 57.69 (%) mAP@0.6 50.71 (%) mAP@0.7 44.87 (%) 
		Acc 69.69 (%) Prec 51.63 (%) Rec 69.69 (%) F1 54.93 (%)
Epoch: [142/305]
TRAINING:	avg. loss 0.08
VALIDATION:	avg. loss 1.13
		Avg. mAP 56.25 (%) mAP@0.3 66.91 (%) mAP@0.4 64.24 (%) mAP@0.5 56.69 (%) mAP@0.6 49.95 (%) mAP@0.7 43.45 (%) 
		Acc 67.81 (%) Prec 53.28 (%) Rec 67.81 (%) F1 53.80 (%)
Epoch: [143/305]
TRAINING:	avg. loss 0.09
VALIDATION:	avg. loss 1.03
		Avg. mAP 60.73 (%) mAP@0.3 69.62 (%) mAP@0.4 67.68 (%) mAP@0.5 61.46 (%) mAP@0.6 55.93 (%) mAP@0.7 48.94 (%) 
		Acc 64.97 (%) Prec 54.02 (%) Rec 64.97 (%) F1 51.63 (%)
Epoch: [144/305]
TRAINING:	avg. loss 0.08
VALIDATION:	avg. loss 1.11
		Avg. mAP 59.29 (%) mAP@0.3 68.71 (%) mAP@0.4 67.15 (%) mAP@0.5 60.64 (%) mAP@0.6 52.56 (%) mAP@0.7 47.38 (%) 
		Acc 68.39 (%) Prec 55.79 (%) Rec 68.39 (%) F1 54.55 (%)
Epoch: [145/305]
TRAINING:	avg. loss 0.07
VALIDATION:	avg. loss 1.09
		Avg. mAP 58.27 (%) mAP@0.3 69.60 (%) mAP@0.4 64.92 (%) mAP@0.5 59.42 (%) mAP@0.6 51.61 (%) mAP@0.7 45.81 (%) 
		Acc 69.75 (%) Prec 53.32 (%) Rec 69.75 (%) F1 55.19 (%)
Epoch: [146/305]
TRAINING:	avg. loss 0.09
VALIDATION:	avg. loss 1.06
		Avg. mAP 59.98 (%) mAP@0.3 69.76 (%) mAP@0.4 66.46 (%) mAP@0.5 61.06 (%) mAP@0.6 54.79 (%) mAP@0.7 47.82 (%) 
		Acc 68.76 (%) Prec 53.51 (%) Rec 68.76 (%) F1 55.15 (%)
Epoch: [147/305]
TRAINING:	avg. loss 0.08
VALIDATION:	avg. loss 1.10
		Avg. mAP 59.31 (%) mAP@0.3 68.54 (%) mAP@0.4 66.70 (%) mAP@0.5 60.73 (%) mAP@0.6 53.71 (%) mAP@0.7 46.89 (%) 
		Acc 66.51 (%) Prec 50.02 (%) Rec 66.51 (%) F1 52.01 (%)
Epoch: [148/305]
TRAINING:	avg. loss 0.07
VALIDATION:	avg. loss 1.05
		Avg. mAP 59.96 (%) mAP@0.3 69.51 (%) mAP@0.4 68.35 (%) mAP@0.5 60.76 (%) mAP@0.6 53.74 (%) mAP@0.7 47.44 (%) 
		Acc 67.49 (%) Prec 54.08 (%) Rec 67.49 (%) F1 54.22 (%)
Epoch: [149/305]
TRAINING:	avg. loss 0.07
VALIDATION:	avg. loss 1.10
		Avg. mAP 58.22 (%) mAP@0.3 68.78 (%) mAP@0.4 65.78 (%) mAP@0.5 59.27 (%) mAP@0.6 51.38 (%) mAP@0.7 45.89 (%) 
		Acc 66.09 (%) Prec 53.98 (%) Rec 66.09 (%) F1 52.78 (%)
Epoch: [150/305]
TRAINING:	avg. loss 0.09
VALIDATION:	avg. loss 1.10
		Avg. mAP 58.31 (%) mAP@0.3 67.69 (%) mAP@0.4 65.70 (%) mAP@0.5 60.31 (%) mAP@0.6 51.52 (%) mAP@0.7 46.35 (%) 
		Acc 66.69 (%) Prec 52.71 (%) Rec 66.69 (%) F1 52.62 (%)
Epoch: [151/305]
TRAINING:	avg. loss 0.06
VALIDATION:	avg. loss 1.07
		Avg. mAP 60.11 (%) mAP@0.3 70.36 (%) mAP@0.4 67.62 (%) mAP@0.5 61.22 (%) mAP@0.6 54.51 (%) mAP@0.7 46.82 (%) 
		Acc 69.74 (%) Prec 52.06 (%) Rec 69.74 (%) F1 54.40 (%)
Epoch: [152/305]
TRAINING:	avg. loss 0.10
VALIDATION:	avg. loss 1.04
		Avg. mAP 61.30 (%) mAP@0.3 69.81 (%) mAP@0.4 68.28 (%) mAP@0.5 63.17 (%) mAP@0.6 55.35 (%) mAP@0.7 49.90 (%) 
		Acc 68.42 (%) Prec 51.87 (%) Rec 68.42 (%) F1 53.45 (%)
Epoch: [153/305]
TRAINING:	avg. loss 0.08
VALIDATION:	avg. loss 1.09
		Avg. mAP 58.33 (%) mAP@0.3 68.43 (%) mAP@0.4 66.12 (%) mAP@0.5 59.21 (%) mAP@0.6 51.01 (%) mAP@0.7 46.89 (%) 
		Acc 67.68 (%) Prec 53.89 (%) Rec 67.68 (%) F1 53.81 (%)
Epoch: [154/305]
TRAINING:	avg. loss 0.08
VALIDATION:	avg. loss 1.05
		Avg. mAP 59.39 (%) mAP@0.3 68.52 (%) mAP@0.4 67.05 (%) mAP@0.5 60.26 (%) mAP@0.6 53.10 (%) mAP@0.7 48.04 (%) 
		Acc 69.43 (%) Prec 57.56 (%) Rec 69.43 (%) F1 56.14 (%)
Epoch: [155/305]
TRAINING:	avg. loss 0.06
VALIDATION:	avg. loss 1.09
		Avg. mAP 58.87 (%) mAP@0.3 67.43 (%) mAP@0.4 66.03 (%) mAP@0.5 60.86 (%) mAP@0.6 53.39 (%) mAP@0.7 46.62 (%) 
		Acc 68.48 (%) Prec 54.24 (%) Rec 68.48 (%) F1 54.58 (%)
Epoch: [156/305]
TRAINING:	avg. loss 0.07
VALIDATION:	avg. loss 1.11
		Avg. mAP 57.81 (%) mAP@0.3 67.54 (%) mAP@0.4 65.73 (%) mAP@0.5 59.10 (%) mAP@0.6 52.00 (%) mAP@0.7 44.66 (%) 
		Acc 67.67 (%) Prec 50.91 (%) Rec 67.67 (%) F1 53.03 (%)
Epoch: [157/305]
TRAINING:	avg. loss 0.08
VALIDATION:	avg. loss 1.00
		Avg. mAP 62.11 (%) mAP@0.3 70.39 (%) mAP@0.4 67.89 (%) mAP@0.5 64.73 (%) mAP@0.6 56.89 (%) mAP@0.7 50.65 (%) 
		Acc 71.36 (%) Prec 52.57 (%) Rec 71.36 (%) F1 55.93 (%)
Epoch: [158/305]
TRAINING:	avg. loss 0.07
VALIDATION:	avg. loss 1.13
		Avg. mAP 58.27 (%) mAP@0.3 68.29 (%) mAP@0.4 64.67 (%) mAP@0.5 59.43 (%) mAP@0.6 52.29 (%) mAP@0.7 46.68 (%) 
		Acc 70.68 (%) Prec 52.93 (%) Rec 70.68 (%) F1 55.44 (%)
Epoch: [159/305]
TRAINING:	avg. loss 0.08
VALIDATION:	avg. loss 1.02
		Avg. mAP 60.79 (%) mAP@0.3 70.10 (%) mAP@0.4 68.16 (%) mAP@0.5 62.90 (%) mAP@0.6 54.56 (%) mAP@0.7 48.22 (%) 
		Acc 69.90 (%) Prec 54.62 (%) Rec 69.90 (%) F1 55.77 (%)
Epoch: [160/305]
TRAINING:	avg. loss 0.07
VALIDATION:	avg. loss 1.11
		Avg. mAP 58.14 (%) mAP@0.3 68.41 (%) mAP@0.4 65.27 (%) mAP@0.5 59.24 (%) mAP@0.6 52.32 (%) mAP@0.7 45.46 (%) 
		Acc 68.51 (%) Prec 52.59 (%) Rec 68.51 (%) F1 54.04 (%)
Epoch: [161/305]
TRAINING:	avg. loss 0.08
VALIDATION:	avg. loss 1.06
		Avg. mAP 62.14 (%) mAP@0.3 70.56 (%) mAP@0.4 68.05 (%) mAP@0.5 63.27 (%) mAP@0.6 57.55 (%) mAP@0.7 51.27 (%) 
		Acc 68.14 (%) Prec 54.18 (%) Rec 68.14 (%) F1 54.58 (%)
Epoch: [162/305]
TRAINING:	avg. loss 0.07
VALIDATION:	avg. loss 1.14
		Avg. mAP 57.17 (%) mAP@0.3 68.43 (%) mAP@0.4 65.37 (%) mAP@0.5 57.62 (%) mAP@0.6 50.27 (%) mAP@0.7 44.16 (%) 
		Acc 68.46 (%) Prec 53.81 (%) Rec 68.46 (%) F1 54.46 (%)
Epoch: [163/305]
TRAINING:	avg. loss 0.08
VALIDATION:	avg. loss 1.10
		Avg. mAP 60.53 (%) mAP@0.3 69.33 (%) mAP@0.4 67.08 (%) mAP@0.5 62.36 (%) mAP@0.6 55.48 (%) mAP@0.7 48.38 (%) 
		Acc 66.35 (%) Prec 52.63 (%) Rec 66.35 (%) F1 52.48 (%)
Epoch: [164/305]
TRAINING:	avg. loss 0.07
VALIDATION:	avg. loss 1.13
		Avg. mAP 58.77 (%) mAP@0.3 69.04 (%) mAP@0.4 65.86 (%) mAP@0.5 60.23 (%) mAP@0.6 52.44 (%) mAP@0.7 46.26 (%) 
		Acc 63.85 (%) Prec 51.26 (%) Rec 63.85 (%) F1 50.09 (%)
Epoch: [165/305]
TRAINING:	avg. loss 0.07
VALIDATION:	avg. loss 1.08
		Avg. mAP 60.31 (%) mAP@0.3 69.04 (%) mAP@0.4 67.10 (%) mAP@0.5 62.61 (%) mAP@0.6 54.90 (%) mAP@0.7 47.90 (%) 
		Acc 69.81 (%) Prec 54.46 (%) Rec 69.81 (%) F1 55.41 (%)
Epoch: [166/305]
TRAINING:	avg. loss 0.07
VALIDATION:	avg. loss 1.11
		Avg. mAP 56.95 (%) mAP@0.3 66.55 (%) mAP@0.4 64.89 (%) mAP@0.5 58.35 (%) mAP@0.6 50.69 (%) mAP@0.7 44.29 (%) 
		Acc 68.89 (%) Prec 51.36 (%) Rec 68.89 (%) F1 53.70 (%)
Epoch: [167/305]
TRAINING:	avg. loss 0.07
VALIDATION:	avg. loss 1.04
		Avg. mAP 58.86 (%) mAP@0.3 67.28 (%) mAP@0.4 65.69 (%) mAP@0.5 60.64 (%) mAP@0.6 53.44 (%) mAP@0.7 47.25 (%) 
		Acc 66.41 (%) Prec 52.42 (%) Rec 66.41 (%) F1 52.49 (%)
Epoch: [168/305]
TRAINING:	avg. loss 0.06
VALIDATION:	avg. loss 1.10
		Avg. mAP 57.17 (%) mAP@0.3 66.92 (%) mAP@0.4 63.29 (%) mAP@0.5 58.85 (%) mAP@0.6 52.08 (%) mAP@0.7 44.72 (%) 
		Acc 67.70 (%) Prec 52.32 (%) Rec 67.70 (%) F1 53.14 (%)
Epoch: [169/305]
TRAINING:	avg. loss 0.08
VALIDATION:	avg. loss 1.05
		Avg. mAP 58.80 (%) mAP@0.3 68.55 (%) mAP@0.4 64.52 (%) mAP@0.5 60.07 (%) mAP@0.6 53.92 (%) mAP@0.7 46.97 (%) 
		Acc 66.46 (%) Prec 54.83 (%) Rec 66.46 (%) F1 52.99 (%)
Epoch: [170/305]
TRAINING:	avg. loss 0.07
VALIDATION:	avg. loss 1.04
		Avg. mAP 60.83 (%) mAP@0.3 69.09 (%) mAP@0.4 67.11 (%) mAP@0.5 62.57 (%) mAP@0.6 55.53 (%) mAP@0.7 49.85 (%) 
		Acc 68.39 (%) Prec 55.75 (%) Rec 68.39 (%) F1 54.24 (%)
Epoch: [171/305]
TRAINING:	avg. loss 0.07
VALIDATION:	avg. loss 1.08
		Avg. mAP 58.32 (%) mAP@0.3 67.71 (%) mAP@0.4 66.23 (%) mAP@0.5 59.86 (%) mAP@0.6 51.90 (%) mAP@0.7 45.89 (%) 
		Acc 68.51 (%) Prec 54.20 (%) Rec 68.51 (%) F1 54.41 (%)
Epoch: [172/305]
TRAINING:	avg. loss 0.07
VALIDATION:	avg. loss 1.06
		Avg. mAP 58.82 (%) mAP@0.3 68.18 (%) mAP@0.4 66.17 (%) mAP@0.5 60.54 (%) mAP@0.6 52.20 (%) mAP@0.7 47.00 (%) 
		Acc 68.56 (%) Prec 52.01 (%) Rec 68.56 (%) F1 53.84 (%)
Epoch: [173/305]
TRAINING:	avg. loss 0.05
VALIDATION:	avg. loss 1.08
		Avg. mAP 59.27 (%) mAP@0.3 68.40 (%) mAP@0.4 66.12 (%) mAP@0.5 60.19 (%) mAP@0.6 53.41 (%) mAP@0.7 48.22 (%) 
		Acc 67.96 (%) Prec 51.40 (%) Rec 67.96 (%) F1 53.51 (%)
Epoch: [174/305]
TRAINING:	avg. loss 0.07
VALIDATION:	avg. loss 1.08
		Avg. mAP 58.95 (%) mAP@0.3 67.67 (%) mAP@0.4 65.19 (%) mAP@0.5 60.51 (%) mAP@0.6 53.17 (%) mAP@0.7 48.20 (%) 
		Acc 69.12 (%) Prec 52.89 (%) Rec 69.12 (%) F1 54.71 (%)
Epoch: [175/305]
TRAINING:	avg. loss 0.07
VALIDATION:	avg. loss 1.08
		Avg. mAP 57.74 (%) mAP@0.3 68.13 (%) mAP@0.4 64.22 (%) mAP@0.5 58.54 (%) mAP@0.6 51.92 (%) mAP@0.7 45.88 (%) 
		Acc 67.59 (%) Prec 51.51 (%) Rec 67.59 (%) F1 53.22 (%)
Epoch: [176/305]
TRAINING:	avg. loss 0.08
VALIDATION:	avg. loss 1.06
		Avg. mAP 58.33 (%) mAP@0.3 67.46 (%) mAP@0.4 65.08 (%) mAP@0.5 59.26 (%) mAP@0.6 53.28 (%) mAP@0.7 46.56 (%) 
		Acc 66.34 (%) Prec 52.68 (%) Rec 66.34 (%) F1 52.59 (%)
Epoch: [177/305]
TRAINING:	avg. loss 0.07
VALIDATION:	avg. loss 1.07
		Avg. mAP 59.90 (%) mAP@0.3 68.44 (%) mAP@0.4 66.92 (%) mAP@0.5 61.56 (%) mAP@0.6 54.51 (%) mAP@0.7 48.06 (%) 
		Acc 67.04 (%) Prec 52.33 (%) Rec 67.04 (%) F1 53.16 (%)
Epoch: [178/305]
TRAINING:	avg. loss 0.07
VALIDATION:	avg. loss 1.10
		Avg. mAP 59.23 (%) mAP@0.3 68.25 (%) mAP@0.4 64.94 (%) mAP@0.5 60.88 (%) mAP@0.6 54.70 (%) mAP@0.7 47.39 (%) 
		Acc 67.40 (%) Prec 52.68 (%) Rec 67.40 (%) F1 53.13 (%)
Epoch: [179/305]
TRAINING:	avg. loss 0.07
VALIDATION:	avg. loss 1.08
		Avg. mAP 60.03 (%) mAP@0.3 68.92 (%) mAP@0.4 66.24 (%) mAP@0.5 61.80 (%) mAP@0.6 55.33 (%) mAP@0.7 47.88 (%) 
		Acc 68.68 (%) Prec 55.96 (%) Rec 68.68 (%) F1 55.64 (%)
Epoch: [180/305]
TRAINING:	avg. loss 0.06
VALIDATION:	avg. loss 1.11
		Avg. mAP 59.07 (%) mAP@0.3 68.50 (%) mAP@0.4 65.75 (%) mAP@0.5 60.43 (%) mAP@0.6 53.27 (%) mAP@0.7 47.40 (%) 
		Acc 68.85 (%) Prec 54.72 (%) Rec 68.85 (%) F1 55.28 (%)
Epoch: [181/305]
TRAINING:	avg. loss 0.08
VALIDATION:	avg. loss 1.06
		Avg. mAP 59.45 (%) mAP@0.3 69.12 (%) mAP@0.4 65.78 (%) mAP@0.5 60.87 (%) mAP@0.6 53.69 (%) mAP@0.7 47.77 (%) 
		Acc 67.91 (%) Prec 51.47 (%) Rec 67.91 (%) F1 53.57 (%)
Epoch: [182/305]
TRAINING:	avg. loss 0.07
VALIDATION:	avg. loss 1.11
		Avg. mAP 57.90 (%) mAP@0.3 68.85 (%) mAP@0.4 64.61 (%) mAP@0.5 58.53 (%) mAP@0.6 52.10 (%) mAP@0.7 45.42 (%) 
		Acc 66.71 (%) Prec 51.05 (%) Rec 66.71 (%) F1 52.75 (%)
Epoch: [183/305]
TRAINING:	avg. loss 0.08
VALIDATION:	avg. loss 1.08
		Avg. mAP 59.04 (%) mAP@0.3 69.29 (%) mAP@0.4 65.90 (%) mAP@0.5 60.24 (%) mAP@0.6 53.50 (%) mAP@0.7 46.26 (%) 
		Acc 70.14 (%) Prec 52.57 (%) Rec 70.14 (%) F1 55.04 (%)
Epoch: [184/305]
TRAINING:	avg. loss 0.07
VALIDATION:	avg. loss 1.01
		Avg. mAP 61.60 (%) mAP@0.3 70.47 (%) mAP@0.4 67.96 (%) mAP@0.5 63.87 (%) mAP@0.6 55.78 (%) mAP@0.7 49.91 (%) 
		Acc 69.68 (%) Prec 54.29 (%) Rec 69.68 (%) F1 55.52 (%)
Epoch: [185/305]
TRAINING:	avg. loss 0.06
VALIDATION:	avg. loss 1.10
		Avg. mAP 59.93 (%) mAP@0.3 68.39 (%) mAP@0.4 66.75 (%) mAP@0.5 62.07 (%) mAP@0.6 54.41 (%) mAP@0.7 48.04 (%) 
		Acc 67.41 (%) Prec 53.67 (%) Rec 67.41 (%) F1 54.14 (%)
Epoch: [186/305]
TRAINING:	avg. loss 0.05
VALIDATION:	avg. loss 1.09
		Avg. mAP 59.62 (%) mAP@0.3 68.83 (%) mAP@0.4 66.57 (%) mAP@0.5 61.31 (%) mAP@0.6 53.91 (%) mAP@0.7 47.48 (%) 
		Acc 68.61 (%) Prec 52.55 (%) Rec 68.61 (%) F1 54.42 (%)
Epoch: [187/305]
TRAINING:	avg. loss 0.08
VALIDATION:	avg. loss 0.99
		Avg. mAP 62.13 (%) mAP@0.3 70.81 (%) mAP@0.4 68.58 (%) mAP@0.5 63.45 (%) mAP@0.6 56.99 (%) mAP@0.7 50.80 (%) 
		Acc 69.05 (%) Prec 52.19 (%) Rec 69.05 (%) F1 54.78 (%)
Epoch: [188/305]
TRAINING:	avg. loss 0.06
VALIDATION:	avg. loss 1.04
		Avg. mAP 60.68 (%) mAP@0.3 69.73 (%) mAP@0.4 67.47 (%) mAP@0.5 63.04 (%) mAP@0.6 54.70 (%) mAP@0.7 48.47 (%) 
		Acc 67.03 (%) Prec 51.56 (%) Rec 67.03 (%) F1 53.28 (%)
Epoch: [189/305]
TRAINING:	avg. loss 0.07
VALIDATION:	avg. loss 1.06
		Avg. mAP 59.68 (%) mAP@0.3 69.30 (%) mAP@0.4 66.64 (%) mAP@0.5 61.19 (%) mAP@0.6 53.53 (%) mAP@0.7 47.77 (%) 
		Acc 67.99 (%) Prec 51.11 (%) Rec 67.99 (%) F1 53.62 (%)
Epoch: [190/305]
TRAINING:	avg. loss 0.07
VALIDATION:	avg. loss 1.06
		Avg. mAP 60.64 (%) mAP@0.3 69.48 (%) mAP@0.4 67.17 (%) mAP@0.5 62.48 (%) mAP@0.6 55.46 (%) mAP@0.7 48.62 (%) 
		Acc 67.70 (%) Prec 51.55 (%) Rec 67.70 (%) F1 53.47 (%)
Epoch: [191/305]
TRAINING:	avg. loss 0.06
VALIDATION:	avg. loss 1.09
		Avg. mAP 60.46 (%) mAP@0.3 69.42 (%) mAP@0.4 67.03 (%) mAP@0.5 62.26 (%) mAP@0.6 54.85 (%) mAP@0.7 48.73 (%) 
		Acc 66.46 (%) Prec 54.35 (%) Rec 66.46 (%) F1 53.87 (%)
Epoch: [192/305]
TRAINING:	avg. loss 0.07
VALIDATION:	avg. loss 1.07
		Avg. mAP 59.93 (%) mAP@0.3 69.36 (%) mAP@0.4 66.44 (%) mAP@0.5 61.75 (%) mAP@0.6 54.50 (%) mAP@0.7 47.62 (%) 
		Acc 66.98 (%) Prec 51.99 (%) Rec 66.98 (%) F1 53.08 (%)
Epoch: [193/305]
TRAINING:	avg. loss 0.05
VALIDATION:	avg. loss 1.06
		Avg. mAP 60.16 (%) mAP@0.3 70.69 (%) mAP@0.4 67.14 (%) mAP@0.5 61.94 (%) mAP@0.6 53.72 (%) mAP@0.7 47.33 (%) 
		Acc 68.27 (%) Prec 51.42 (%) Rec 68.27 (%) F1 53.38 (%)
Epoch: [194/305]
TRAINING:	avg. loss 0.07
VALIDATION:	avg. loss 1.05
		Avg. mAP 61.06 (%) mAP@0.3 70.61 (%) mAP@0.4 67.74 (%) mAP@0.5 62.43 (%) mAP@0.6 55.09 (%) mAP@0.7 49.43 (%) 
		Acc 68.90 (%) Prec 52.48 (%) Rec 68.90 (%) F1 54.36 (%)
Epoch: [195/305]
TRAINING:	avg. loss 0.05
VALIDATION:	avg. loss 1.08
		Avg. mAP 60.68 (%) mAP@0.3 69.49 (%) mAP@0.4 67.26 (%) mAP@0.5 62.37 (%) mAP@0.6 54.96 (%) mAP@0.7 49.34 (%) 
		Acc 69.24 (%) Prec 53.51 (%) Rec 69.24 (%) F1 55.15 (%)
Epoch: [196/305]
TRAINING:	avg. loss 0.06
VALIDATION:	avg. loss 1.08
		Avg. mAP 60.78 (%) mAP@0.3 69.21 (%) mAP@0.4 66.95 (%) mAP@0.5 62.47 (%) mAP@0.6 56.02 (%) mAP@0.7 49.23 (%) 
		Acc 68.77 (%) Prec 51.41 (%) Rec 68.77 (%) F1 54.07 (%)
Epoch: [197/305]
TRAINING:	avg. loss 0.07
VALIDATION:	avg. loss 1.04
		Avg. mAP 61.44 (%) mAP@0.3 70.06 (%) mAP@0.4 67.78 (%) mAP@0.5 63.21 (%) mAP@0.6 56.92 (%) mAP@0.7 49.25 (%) 
		Acc 68.54 (%) Prec 51.97 (%) Rec 68.54 (%) F1 54.25 (%)
Epoch: [198/305]
TRAINING:	avg. loss 0.05
VALIDATION:	avg. loss 1.04
		Avg. mAP 61.65 (%) mAP@0.3 70.38 (%) mAP@0.4 68.30 (%) mAP@0.5 63.14 (%) mAP@0.6 56.77 (%) mAP@0.7 49.68 (%) 
		Acc 68.28 (%) Prec 52.20 (%) Rec 68.28 (%) F1 53.94 (%)
Epoch: [199/305]
TRAINING:	avg. loss 0.06
VALIDATION:	avg. loss 1.10
		Avg. mAP 61.01 (%) mAP@0.3 69.81 (%) mAP@0.4 67.70 (%) mAP@0.5 62.31 (%) mAP@0.6 56.03 (%) mAP@0.7 49.20 (%) 
		Acc 70.42 (%) Prec 53.38 (%) Rec 70.42 (%) F1 55.96 (%)
Epoch: [200/305]
TRAINING:	avg. loss 0.07
VALIDATION:	avg. loss 1.04
		Avg. mAP 61.84 (%) mAP@0.3 70.18 (%) mAP@0.4 68.40 (%) mAP@0.5 63.91 (%) mAP@0.6 57.16 (%) mAP@0.7 49.53 (%) 
		Acc 68.67 (%) Prec 54.71 (%) Rec 68.67 (%) F1 55.39 (%)
Epoch: [201/305]
TRAINING:	avg. loss 0.06
VALIDATION:	avg. loss 1.07
		Avg. mAP 61.15 (%) mAP@0.3 70.06 (%) mAP@0.4 67.99 (%) mAP@0.5 62.69 (%) mAP@0.6 56.72 (%) mAP@0.7 48.29 (%) 
		Acc 68.78 (%) Prec 55.42 (%) Rec 68.78 (%) F1 55.54 (%)
Epoch: [202/305]
TRAINING:	avg. loss 0.06
VALIDATION:	avg. loss 1.11
		Avg. mAP 60.04 (%) mAP@0.3 68.64 (%) mAP@0.4 66.87 (%) mAP@0.5 61.08 (%) mAP@0.6 55.93 (%) mAP@0.7 47.69 (%) 
		Acc 67.56 (%) Prec 54.96 (%) Rec 67.56 (%) F1 53.97 (%)
Epoch: [203/305]
TRAINING:	avg. loss 0.05
VALIDATION:	avg. loss 1.12
		Avg. mAP 59.93 (%) mAP@0.3 68.58 (%) mAP@0.4 66.77 (%) mAP@0.5 59.95 (%) mAP@0.6 56.13 (%) mAP@0.7 48.22 (%) 
		Acc 68.49 (%) Prec 55.57 (%) Rec 68.49 (%) F1 54.64 (%)
Epoch: [204/305]
TRAINING:	avg. loss 0.05
VALIDATION:	avg. loss 1.10
		Avg. mAP 61.49 (%) mAP@0.3 69.26 (%) mAP@0.4 67.92 (%) mAP@0.5 63.02 (%) mAP@0.6 56.31 (%) mAP@0.7 50.95 (%) 
		Acc 68.33 (%) Prec 52.97 (%) Rec 68.33 (%) F1 53.68 (%)
Epoch: [205/305]
TRAINING:	avg. loss 0.05
VALIDATION:	avg. loss 1.13
		Avg. mAP 60.22 (%) mAP@0.3 69.36 (%) mAP@0.4 67.42 (%) mAP@0.5 61.27 (%) mAP@0.6 55.50 (%) mAP@0.7 47.54 (%) 
		Acc 69.71 (%) Prec 53.48 (%) Rec 69.71 (%) F1 54.92 (%)
Epoch: [206/305]
TRAINING:	avg. loss 0.06
VALIDATION:	avg. loss 1.11
		Avg. mAP 61.41 (%) mAP@0.3 69.69 (%) mAP@0.4 68.09 (%) mAP@0.5 62.80 (%) mAP@0.6 56.15 (%) mAP@0.7 50.29 (%) 
		Acc 69.65 (%) Prec 53.28 (%) Rec 69.65 (%) F1 54.95 (%)
Epoch: [207/305]
TRAINING:	avg. loss 0.07
VALIDATION:	avg. loss 1.11
		Avg. mAP 61.30 (%) mAP@0.3 69.72 (%) mAP@0.4 67.79 (%) mAP@0.5 62.64 (%) mAP@0.6 56.62 (%) mAP@0.7 49.72 (%) 
		Acc 70.13 (%) Prec 52.70 (%) Rec 70.13 (%) F1 55.43 (%)
Epoch: [208/305]
TRAINING:	avg. loss 0.07
VALIDATION:	avg. loss 1.07
		Avg. mAP 61.44 (%) mAP@0.3 70.11 (%) mAP@0.4 68.07 (%) mAP@0.5 62.64 (%) mAP@0.6 56.28 (%) mAP@0.7 50.10 (%) 
		Acc 67.20 (%) Prec 53.23 (%) Rec 67.20 (%) F1 54.32 (%)
Epoch: [209/305]
TRAINING:	avg. loss 0.05
VALIDATION:	avg. loss 1.05
		Avg. mAP 62.60 (%) mAP@0.3 71.07 (%) mAP@0.4 68.96 (%) mAP@0.5 64.56 (%) mAP@0.6 57.41 (%) mAP@0.7 51.02 (%) 
		Acc 68.24 (%) Prec 54.77 (%) Rec 68.24 (%) F1 55.21 (%)
Epoch: [210/305]
TRAINING:	avg. loss 0.06
VALIDATION:	avg. loss 1.06
		Avg. mAP 61.32 (%) mAP@0.3 70.32 (%) mAP@0.4 68.14 (%) mAP@0.5 62.11 (%) mAP@0.6 56.94 (%) mAP@0.7 49.12 (%) 
		Acc 68.77 (%) Prec 55.43 (%) Rec 68.77 (%) F1 55.44 (%)
Epoch: [211/305]
TRAINING:	avg. loss 0.05
VALIDATION:	avg. loss 1.08
		Avg. mAP 61.34 (%) mAP@0.3 70.12 (%) mAP@0.4 67.86 (%) mAP@0.5 62.67 (%) mAP@0.6 56.23 (%) mAP@0.7 49.83 (%) 
		Acc 68.51 (%) Prec 54.30 (%) Rec 68.51 (%) F1 55.22 (%)
Epoch: [212/305]
TRAINING:	avg. loss 0.06
VALIDATION:	avg. loss 1.08
		Avg. mAP 61.47 (%) mAP@0.3 70.07 (%) mAP@0.4 67.98 (%) mAP@0.5 62.97 (%) mAP@0.6 56.67 (%) mAP@0.7 49.65 (%) 
		Acc 69.66 (%) Prec 54.32 (%) Rec 69.66 (%) F1 56.02 (%)
Epoch: [213/305]
TRAINING:	avg. loss 0.06
VALIDATION:	avg. loss 1.07
		Avg. mAP 61.65 (%) mAP@0.3 70.38 (%) mAP@0.4 68.14 (%) mAP@0.5 63.40 (%) mAP@0.6 57.03 (%) mAP@0.7 49.31 (%) 
		Acc 69.81 (%) Prec 55.43 (%) Rec 69.81 (%) F1 56.19 (%)
Epoch: [214/305]
TRAINING:	avg. loss 0.07
VALIDATION:	avg. loss 1.05
		Avg. mAP 62.39 (%) mAP@0.3 70.75 (%) mAP@0.4 68.52 (%) mAP@0.5 63.99 (%) mAP@0.6 58.17 (%) mAP@0.7 50.53 (%) 
		Acc 68.76 (%) Prec 53.56 (%) Rec 68.76 (%) F1 54.59 (%)
Epoch: [215/305]
TRAINING:	avg. loss 0.06
VALIDATION:	avg. loss 1.07
		Avg. mAP 61.72 (%) mAP@0.3 70.28 (%) mAP@0.4 68.01 (%) mAP@0.5 62.68 (%) mAP@0.6 56.79 (%) mAP@0.7 50.83 (%) 
		Acc 68.04 (%) Prec 52.75 (%) Rec 68.04 (%) F1 53.64 (%)
Epoch: [216/305]
TRAINING:	avg. loss 0.05
VALIDATION:	avg. loss 1.13
		Avg. mAP 59.41 (%) mAP@0.3 67.97 (%) mAP@0.4 65.80 (%) mAP@0.5 60.74 (%) mAP@0.6 54.49 (%) mAP@0.7 48.04 (%) 
		Acc 67.30 (%) Prec 53.11 (%) Rec 67.30 (%) F1 53.45 (%)
Epoch: [217/305]
TRAINING:	avg. loss 0.04
VALIDATION:	avg. loss 1.12
		Avg. mAP 60.98 (%) mAP@0.3 69.54 (%) mAP@0.4 67.34 (%) mAP@0.5 61.69 (%) mAP@0.6 56.04 (%) mAP@0.7 50.28 (%) 
		Acc 68.67 (%) Prec 51.72 (%) Rec 68.67 (%) F1 54.17 (%)
Epoch: [218/305]
TRAINING:	avg. loss 0.06
VALIDATION:	avg. loss 1.08
		Avg. mAP 60.74 (%) mAP@0.3 69.74 (%) mAP@0.4 67.46 (%) mAP@0.5 62.30 (%) mAP@0.6 55.06 (%) mAP@0.7 49.16 (%) 
		Acc 68.74 (%) Prec 50.81 (%) Rec 68.74 (%) F1 53.88 (%)
Epoch: [219/305]
TRAINING:	avg. loss 0.06
VALIDATION:	avg. loss 1.03
		Avg. mAP 62.43 (%) mAP@0.3 70.89 (%) mAP@0.4 68.77 (%) mAP@0.5 64.08 (%) mAP@0.6 57.28 (%) mAP@0.7 51.15 (%) 
		Acc 68.70 (%) Prec 52.09 (%) Rec 68.70 (%) F1 54.27 (%)
Epoch: [220/305]
TRAINING:	avg. loss 0.05
VALIDATION:	avg. loss 1.10
		Avg. mAP 60.04 (%) mAP@0.3 68.90 (%) mAP@0.4 66.90 (%) mAP@0.5 61.27 (%) mAP@0.6 55.17 (%) mAP@0.7 47.96 (%) 
		Acc 69.44 (%) Prec 53.37 (%) Rec 69.44 (%) F1 55.05 (%)
Epoch: [221/305]
TRAINING:	avg. loss 0.05
VALIDATION:	avg. loss 1.14
		Avg. mAP 60.53 (%) mAP@0.3 68.56 (%) mAP@0.4 66.95 (%) mAP@0.5 61.48 (%) mAP@0.6 55.77 (%) mAP@0.7 49.91 (%) 
		Acc 69.21 (%) Prec 53.53 (%) Rec 69.21 (%) F1 55.53 (%)
Epoch: [222/305]
TRAINING:	avg. loss 0.06
VALIDATION:	avg. loss 1.09
		Avg. mAP 61.31 (%) mAP@0.3 69.51 (%) mAP@0.4 67.60 (%) mAP@0.5 62.78 (%) mAP@0.6 56.43 (%) mAP@0.7 50.22 (%) 
		Acc 69.19 (%) Prec 53.37 (%) Rec 69.19 (%) F1 55.39 (%)
Epoch: [223/305]
TRAINING:	avg. loss 0.06
VALIDATION:	avg. loss 1.06
		Avg. mAP 62.18 (%) mAP@0.3 70.41 (%) mAP@0.4 68.57 (%) mAP@0.5 63.44 (%) mAP@0.6 57.32 (%) mAP@0.7 51.18 (%) 
		Acc 69.53 (%) Prec 52.47 (%) Rec 69.53 (%) F1 55.18 (%)
Epoch: [224/305]
TRAINING:	avg. loss 0.06
VALIDATION:	avg. loss 1.07
		Avg. mAP 61.39 (%) mAP@0.3 70.07 (%) mAP@0.4 68.05 (%) mAP@0.5 62.15 (%) mAP@0.6 56.54 (%) mAP@0.7 50.15 (%) 
		Acc 69.61 (%) Prec 52.10 (%) Rec 69.61 (%) F1 55.02 (%)
Epoch: [225/305]
TRAINING:	avg. loss 0.04
VALIDATION:	avg. loss 1.13
		Avg. mAP 60.53 (%) mAP@0.3 69.19 (%) mAP@0.4 67.28 (%) mAP@0.5 61.37 (%) mAP@0.6 55.66 (%) mAP@0.7 49.13 (%) 
		Acc 70.62 (%) Prec 52.32 (%) Rec 70.62 (%) F1 55.46 (%)
Epoch: [226/305]
TRAINING:	avg. loss 0.05
VALIDATION:	avg. loss 1.11
		Avg. mAP 60.97 (%) mAP@0.3 69.45 (%) mAP@0.4 67.61 (%) mAP@0.5 62.26 (%) mAP@0.6 56.03 (%) mAP@0.7 49.51 (%) 
		Acc 70.99 (%) Prec 54.39 (%) Rec 70.99 (%) F1 56.84 (%)
Epoch: [227/305]
TRAINING:	avg. loss 0.05
VALIDATION:	avg. loss 1.07
		Avg. mAP 62.03 (%) mAP@0.3 70.08 (%) mAP@0.4 68.69 (%) mAP@0.5 63.41 (%) mAP@0.6 57.22 (%) mAP@0.7 50.72 (%) 
		Acc 70.48 (%) Prec 54.59 (%) Rec 70.48 (%) F1 56.63 (%)
Epoch: [228/305]
TRAINING:	avg. loss 0.06
VALIDATION:	avg. loss 1.07
		Avg. mAP 61.02 (%) mAP@0.3 69.99 (%) mAP@0.4 68.07 (%) mAP@0.5 62.56 (%) mAP@0.6 55.23 (%) mAP@0.7 49.28 (%) 
		Acc 68.04 (%) Prec 53.92 (%) Rec 68.04 (%) F1 54.52 (%)
Epoch: [229/305]
TRAINING:	avg. loss 0.05
VALIDATION:	avg. loss 1.08
		Avg. mAP 60.70 (%) mAP@0.3 69.50 (%) mAP@0.4 67.72 (%) mAP@0.5 62.42 (%) mAP@0.6 55.05 (%) mAP@0.7 48.82 (%) 
		Acc 68.65 (%) Prec 53.52 (%) Rec 68.65 (%) F1 54.57 (%)
Epoch: [230/305]
TRAINING:	avg. loss 0.04
VALIDATION:	avg. loss 1.10
		Avg. mAP 61.03 (%) mAP@0.3 69.37 (%) mAP@0.4 67.56 (%) mAP@0.5 63.17 (%) mAP@0.6 55.61 (%) mAP@0.7 49.44 (%) 
		Acc 69.22 (%) Prec 53.44 (%) Rec 69.22 (%) F1 55.17 (%)
Epoch: [231/305]
TRAINING:	avg. loss 0.05
VALIDATION:	avg. loss 1.09
		Avg. mAP 61.10 (%) mAP@0.3 69.72 (%) mAP@0.4 67.80 (%) mAP@0.5 62.46 (%) mAP@0.6 55.94 (%) mAP@0.7 49.58 (%) 
		Acc 69.47 (%) Prec 53.25 (%) Rec 69.47 (%) F1 55.33 (%)
Epoch: [232/305]
TRAINING:	avg. loss 0.05
VALIDATION:	avg. loss 1.07
		Avg. mAP 62.24 (%) mAP@0.3 70.32 (%) mAP@0.4 68.73 (%) mAP@0.5 63.48 (%) mAP@0.6 57.42 (%) mAP@0.7 51.28 (%) 
		Acc 70.92 (%) Prec 53.26 (%) Rec 70.92 (%) F1 56.11 (%)
Epoch: [233/305]
TRAINING:	avg. loss 0.05
VALIDATION:	avg. loss 1.08
		Avg. mAP 62.51 (%) mAP@0.3 70.57 (%) mAP@0.4 68.59 (%) mAP@0.5 64.14 (%) mAP@0.6 57.97 (%) mAP@0.7 51.30 (%) 
		Acc 70.59 (%) Prec 54.31 (%) Rec 70.59 (%) F1 56.35 (%)
Epoch: [234/305]
TRAINING:	avg. loss 0.05
VALIDATION:	avg. loss 1.11
		Avg. mAP 61.91 (%) mAP@0.3 70.03 (%) mAP@0.4 68.14 (%) mAP@0.5 63.75 (%) mAP@0.6 56.76 (%) mAP@0.7 50.90 (%) 
		Acc 70.97 (%) Prec 54.87 (%) Rec 70.97 (%) F1 56.81 (%)
Epoch: [235/305]
TRAINING:	avg. loss 0.05
VALIDATION:	avg. loss 1.11
		Avg. mAP 61.13 (%) mAP@0.3 69.92 (%) mAP@0.4 67.90 (%) mAP@0.5 62.73 (%) mAP@0.6 55.69 (%) mAP@0.7 49.41 (%) 
		Acc 70.82 (%) Prec 54.05 (%) Rec 70.82 (%) F1 56.35 (%)
Epoch: [236/305]
TRAINING:	avg. loss 0.05
VALIDATION:	avg. loss 1.12
		Avg. mAP 60.81 (%) mAP@0.3 69.57 (%) mAP@0.4 67.49 (%) mAP@0.5 62.31 (%) mAP@0.6 55.22 (%) mAP@0.7 49.46 (%) 
		Acc 69.98 (%) Prec 53.21 (%) Rec 69.98 (%) F1 55.75 (%)
Epoch: [237/305]
TRAINING:	avg. loss 0.05
VALIDATION:	avg. loss 1.10
		Avg. mAP 60.68 (%) mAP@0.3 69.56 (%) mAP@0.4 67.45 (%) mAP@0.5 62.24 (%) mAP@0.6 55.57 (%) mAP@0.7 48.57 (%) 
		Acc 69.55 (%) Prec 52.09 (%) Rec 69.55 (%) F1 54.99 (%)
Epoch: [238/305]
TRAINING:	avg. loss 0.05
VALIDATION:	avg. loss 1.09
		Avg. mAP 60.78 (%) mAP@0.3 69.86 (%) mAP@0.4 67.57 (%) mAP@0.5 62.58 (%) mAP@0.6 55.15 (%) mAP@0.7 48.72 (%) 
		Acc 68.56 (%) Prec 51.20 (%) Rec 68.56 (%) F1 54.04 (%)
Epoch: [239/305]
TRAINING:	avg. loss 0.05
VALIDATION:	avg. loss 1.09
		Avg. mAP 61.08 (%) mAP@0.3 69.97 (%) mAP@0.4 67.96 (%) mAP@0.5 62.71 (%) mAP@0.6 55.50 (%) mAP@0.7 49.24 (%) 
		Acc 68.51 (%) Prec 51.02 (%) Rec 68.51 (%) F1 53.82 (%)
Epoch: [240/305]
TRAINING:	avg. loss 0.05
VALIDATION:	avg. loss 1.09
		Avg. mAP 60.61 (%) mAP@0.3 69.69 (%) mAP@0.4 67.46 (%) mAP@0.5 62.19 (%) mAP@0.6 55.13 (%) mAP@0.7 48.59 (%) 
		Acc 68.86 (%) Prec 51.18 (%) Rec 68.86 (%) F1 54.11 (%)
Epoch: [241/305]
TRAINING:	avg. loss 0.05
VALIDATION:	avg. loss 1.12
		Avg. mAP 60.62 (%) mAP@0.3 69.69 (%) mAP@0.4 67.48 (%) mAP@0.5 62.27 (%) mAP@0.6 54.98 (%) mAP@0.7 48.67 (%) 
		Acc 69.67 (%) Prec 51.81 (%) Rec 69.67 (%) F1 54.58 (%)
Epoch: [242/305]
TRAINING:	avg. loss 0.06
VALIDATION:	avg. loss 1.07
		Avg. mAP 61.20 (%) mAP@0.3 69.84 (%) mAP@0.4 67.74 (%) mAP@0.5 63.43 (%) mAP@0.6 55.46 (%) mAP@0.7 49.54 (%) 
		Acc 69.07 (%) Prec 51.75 (%) Rec 69.07 (%) F1 54.18 (%)
Epoch: [243/305]
TRAINING:	avg. loss 0.06
VALIDATION:	avg. loss 1.04
		Avg. mAP 62.31 (%) mAP@0.3 71.09 (%) mAP@0.4 68.73 (%) mAP@0.5 64.32 (%) mAP@0.6 56.95 (%) mAP@0.7 50.46 (%) 
		Acc 69.04 (%) Prec 53.11 (%) Rec 69.04 (%) F1 54.42 (%)
Epoch: [244/305]
TRAINING:	avg. loss 0.04
VALIDATION:	avg. loss 1.09
		Avg. mAP 61.37 (%) mAP@0.3 70.44 (%) mAP@0.4 68.12 (%) mAP@0.5 63.11 (%) mAP@0.6 55.55 (%) mAP@0.7 49.62 (%) 
		Acc 68.71 (%) Prec 53.44 (%) Rec 68.71 (%) F1 54.35 (%)
Epoch: [245/305]
TRAINING:	avg. loss 0.06
VALIDATION:	avg. loss 1.10
		Avg. mAP 60.63 (%) mAP@0.3 69.65 (%) mAP@0.4 67.75 (%) mAP@0.5 62.38 (%) mAP@0.6 55.04 (%) mAP@0.7 48.32 (%) 
		Acc 68.64 (%) Prec 53.50 (%) Rec 68.64 (%) F1 54.56 (%)
Epoch: [246/305]
TRAINING:	avg. loss 0.05
VALIDATION:	avg. loss 1.08
		Avg. mAP 60.45 (%) mAP@0.3 69.17 (%) mAP@0.4 67.19 (%) mAP@0.5 62.14 (%) mAP@0.6 54.87 (%) mAP@0.7 48.88 (%) 
		Acc 68.68 (%) Prec 53.41 (%) Rec 68.68 (%) F1 54.71 (%)
Epoch: [247/305]
TRAINING:	avg. loss 0.05
VALIDATION:	avg. loss 1.07
		Avg. mAP 60.92 (%) mAP@0.3 69.49 (%) mAP@0.4 67.52 (%) mAP@0.5 62.71 (%) mAP@0.6 55.52 (%) mAP@0.7 49.35 (%) 
		Acc 69.85 (%) Prec 53.38 (%) Rec 69.85 (%) F1 55.31 (%)
Epoch: [248/305]
TRAINING:	avg. loss 0.04
VALIDATION:	avg. loss 1.10
		Avg. mAP 60.92 (%) mAP@0.3 69.81 (%) mAP@0.4 67.84 (%) mAP@0.5 62.53 (%) mAP@0.6 55.38 (%) mAP@0.7 49.02 (%) 
		Acc 69.15 (%) Prec 52.22 (%) Rec 69.15 (%) F1 54.55 (%)
Epoch: [249/305]
TRAINING:	avg. loss 0.05
VALIDATION:	avg. loss 1.07
		Avg. mAP 61.54 (%) mAP@0.3 69.84 (%) mAP@0.4 67.84 (%) mAP@0.5 63.17 (%) mAP@0.6 56.35 (%) mAP@0.7 50.48 (%) 
		Acc 70.38 (%) Prec 52.52 (%) Rec 70.38 (%) F1 55.46 (%)
Epoch: [250/305]
TRAINING:	avg. loss 0.05
VALIDATION:	avg. loss 1.07
		Avg. mAP 61.26 (%) mAP@0.3 69.81 (%) mAP@0.4 68.06 (%) mAP@0.5 62.88 (%) mAP@0.6 55.86 (%) mAP@0.7 49.67 (%) 
		Acc 70.09 (%) Prec 52.57 (%) Rec 70.09 (%) F1 55.41 (%)
Epoch: [251/305]
TRAINING:	avg. loss 0.05
VALIDATION:	avg. loss 1.08
		Avg. mAP 61.38 (%) mAP@0.3 70.09 (%) mAP@0.4 68.24 (%) mAP@0.5 62.80 (%) mAP@0.6 55.66 (%) mAP@0.7 50.12 (%) 
		Acc 70.65 (%) Prec 52.12 (%) Rec 70.65 (%) F1 55.58 (%)
Epoch: [252/305]
TRAINING:	avg. loss 0.05
VALIDATION:	avg. loss 1.08
		Avg. mAP 61.07 (%) mAP@0.3 70.19 (%) mAP@0.4 68.09 (%) mAP@0.5 63.38 (%) mAP@0.6 54.66 (%) mAP@0.7 49.03 (%) 
		Acc 70.09 (%) Prec 51.48 (%) Rec 70.09 (%) F1 54.95 (%)
Epoch: [253/305]
TRAINING:	avg. loss 0.04
VALIDATION:	avg. loss 1.11
		Avg. mAP 60.41 (%) mAP@0.3 69.97 (%) mAP@0.4 67.85 (%) mAP@0.5 62.94 (%) mAP@0.6 53.83 (%) mAP@0.7 47.47 (%) 
		Acc 70.06 (%) Prec 51.85 (%) Rec 70.06 (%) F1 55.14 (%)
Epoch: [254/305]
TRAINING:	avg. loss 0.05
VALIDATION:	avg. loss 1.08
		Avg. mAP 61.01 (%) mAP@0.3 70.04 (%) mAP@0.4 68.17 (%) mAP@0.5 63.44 (%) mAP@0.6 55.14 (%) mAP@0.7 48.26 (%) 
		Acc 69.96 (%) Prec 52.31 (%) Rec 69.96 (%) F1 55.25 (%)
Epoch: [255/305]
TRAINING:	avg. loss 0.05
VALIDATION:	avg. loss 1.07
		Avg. mAP 61.74 (%) mAP@0.3 70.52 (%) mAP@0.4 68.60 (%) mAP@0.5 63.97 (%) mAP@0.6 56.40 (%) mAP@0.7 49.22 (%) 
		Acc 69.57 (%) Prec 52.83 (%) Rec 69.57 (%) F1 55.08 (%)
Epoch: [256/305]
TRAINING:	avg. loss 0.05
VALIDATION:	avg. loss 1.06
		Avg. mAP 62.01 (%) mAP@0.3 70.49 (%) mAP@0.4 68.77 (%) mAP@0.5 64.10 (%) mAP@0.6 56.15 (%) mAP@0.7 50.55 (%) 
		Acc 70.23 (%) Prec 53.40 (%) Rec 70.23 (%) F1 55.80 (%)
Epoch: [257/305]
TRAINING:	avg. loss 0.04
VALIDATION:	avg. loss 1.10
		Avg. mAP 61.45 (%) mAP@0.3 69.94 (%) mAP@0.4 67.69 (%) mAP@0.5 63.32 (%) mAP@0.6 56.19 (%) mAP@0.7 50.12 (%) 
		Acc 70.38 (%) Prec 53.43 (%) Rec 70.38 (%) F1 55.85 (%)
Epoch: [258/305]
TRAINING:	avg. loss 0.05
VALIDATION:	avg. loss 1.11
		Avg. mAP 61.22 (%) mAP@0.3 69.79 (%) mAP@0.4 67.59 (%) mAP@0.5 63.20 (%) mAP@0.6 55.79 (%) mAP@0.7 49.73 (%) 
		Acc 69.60 (%) Prec 52.69 (%) Rec 69.60 (%) F1 55.19 (%)
Epoch: [259/305]
TRAINING:	avg. loss 0.05
VALIDATION:	avg. loss 1.09
		Avg. mAP 61.11 (%) mAP@0.3 69.78 (%) mAP@0.4 67.82 (%) mAP@0.5 62.57 (%) mAP@0.6 55.23 (%) mAP@0.7 50.15 (%) 
		Acc 69.28 (%) Prec 52.56 (%) Rec 69.28 (%) F1 55.02 (%)
Epoch: [260/305]
TRAINING:	avg. loss 0.06
VALIDATION:	avg. loss 1.09
		Avg. mAP 61.25 (%) mAP@0.3 69.88 (%) mAP@0.4 67.94 (%) mAP@0.5 62.58 (%) mAP@0.6 55.49 (%) mAP@0.7 50.34 (%) 
		Acc 69.80 (%) Prec 53.16 (%) Rec 69.80 (%) F1 55.48 (%)
Epoch: [261/305]
TRAINING:	avg. loss 0.04
VALIDATION:	avg. loss 1.10
		Avg. mAP 61.25 (%) mAP@0.3 70.26 (%) mAP@0.4 67.90 (%) mAP@0.5 62.67 (%) mAP@0.6 56.20 (%) mAP@0.7 49.22 (%) 
		Acc 69.12 (%) Prec 52.58 (%) Rec 69.12 (%) F1 54.89 (%)
Epoch: [262/305]
TRAINING:	avg. loss 0.04
VALIDATION:	avg. loss 1.10
		Avg. mAP 61.41 (%) mAP@0.3 70.20 (%) mAP@0.4 68.00 (%) mAP@0.5 62.96 (%) mAP@0.6 56.41 (%) mAP@0.7 49.51 (%) 
		Acc 69.62 (%) Prec 53.07 (%) Rec 69.62 (%) F1 55.48 (%)
Epoch: [263/305]
TRAINING:	avg. loss 0.04
VALIDATION:	avg. loss 1.09
		Avg. mAP 61.77 (%) mAP@0.3 70.36 (%) mAP@0.4 68.60 (%) mAP@0.5 63.84 (%) mAP@0.6 56.05 (%) mAP@0.7 50.02 (%) 
		Acc 70.36 (%) Prec 53.91 (%) Rec 70.36 (%) F1 56.15 (%)
Epoch: [264/305]
TRAINING:	avg. loss 0.04
VALIDATION:	avg. loss 1.10
		Avg. mAP 61.59 (%) mAP@0.3 70.29 (%) mAP@0.4 68.36 (%) mAP@0.5 63.37 (%) mAP@0.6 55.71 (%) mAP@0.7 50.23 (%) 
		Acc 70.72 (%) Prec 53.97 (%) Rec 70.72 (%) F1 56.37 (%)
Epoch: [265/305]
TRAINING:	avg. loss 0.04
VALIDATION:	avg. loss 1.10
		Avg. mAP 61.38 (%) mAP@0.3 69.91 (%) mAP@0.4 67.66 (%) mAP@0.5 62.93 (%) mAP@0.6 55.97 (%) mAP@0.7 50.42 (%) 
		Acc 70.52 (%) Prec 53.73 (%) Rec 70.52 (%) F1 56.13 (%)
Epoch: [266/305]
TRAINING:	avg. loss 0.05
VALIDATION:	avg. loss 1.10
		Avg. mAP 61.18 (%) mAP@0.3 70.16 (%) mAP@0.4 67.84 (%) mAP@0.5 62.53 (%) mAP@0.6 55.89 (%) mAP@0.7 49.51 (%) 
		Acc 70.57 (%) Prec 53.57 (%) Rec 70.57 (%) F1 56.04 (%)
Epoch: [267/305]
TRAINING:	avg. loss 0.05
VALIDATION:	avg. loss 1.09
		Avg. mAP 61.28 (%) mAP@0.3 70.18 (%) mAP@0.4 68.03 (%) mAP@0.5 62.77 (%) mAP@0.6 55.50 (%) mAP@0.7 49.93 (%) 
		Acc 70.70 (%) Prec 53.26 (%) Rec 70.70 (%) F1 55.99 (%)
Epoch: [268/305]
TRAINING:	avg. loss 0.04
VALIDATION:	avg. loss 1.09
		Avg. mAP 61.47 (%) mAP@0.3 70.28 (%) mAP@0.4 68.13 (%) mAP@0.5 62.89 (%) mAP@0.6 55.61 (%) mAP@0.7 50.44 (%) 
		Acc 70.75 (%) Prec 53.38 (%) Rec 70.75 (%) F1 56.07 (%)
Epoch: [269/305]
TRAINING:	avg. loss 0.04
VALIDATION:	avg. loss 1.09
		Avg. mAP 61.28 (%) mAP@0.3 70.03 (%) mAP@0.4 67.86 (%) mAP@0.5 62.63 (%) mAP@0.6 55.48 (%) mAP@0.7 50.42 (%) 
		Acc 70.50 (%) Prec 52.84 (%) Rec 70.50 (%) F1 55.70 (%)
Epoch: [270/305]
TRAINING:	avg. loss 0.05
VALIDATION:	avg. loss 1.10
		Avg. mAP 61.01 (%) mAP@0.3 69.88 (%) mAP@0.4 67.58 (%) mAP@0.5 62.18 (%) mAP@0.6 55.79 (%) mAP@0.7 49.63 (%) 
		Acc 70.55 (%) Prec 52.60 (%) Rec 70.55 (%) F1 55.61 (%)
Epoch: [271/305]
TRAINING:	avg. loss 0.05
VALIDATION:	avg. loss 1.08
		Avg. mAP 61.24 (%) mAP@0.3 69.94 (%) mAP@0.4 67.71 (%) mAP@0.5 62.67 (%) mAP@0.6 56.01 (%) mAP@0.7 49.86 (%) 
		Acc 70.38 (%) Prec 52.78 (%) Rec 70.38 (%) F1 55.58 (%)
Epoch: [272/305]
TRAINING:	avg. loss 0.06
VALIDATION:	avg. loss 1.08
		Avg. mAP 61.34 (%) mAP@0.3 70.01 (%) mAP@0.4 67.84 (%) mAP@0.5 62.85 (%) mAP@0.6 55.82 (%) mAP@0.7 50.15 (%) 
		Acc 70.38 (%) Prec 52.84 (%) Rec 70.38 (%) F1 55.63 (%)
Epoch: [273/305]
TRAINING:	avg. loss 0.05
VALIDATION:	avg. loss 1.08
		Avg. mAP 61.71 (%) mAP@0.3 70.24 (%) mAP@0.4 68.10 (%) mAP@0.5 63.44 (%) mAP@0.6 56.54 (%) mAP@0.7 50.25 (%) 
		Acc 70.60 (%) Prec 53.18 (%) Rec 70.60 (%) F1 55.92 (%)
Epoch: [274/305]
TRAINING:	avg. loss 0.05
VALIDATION:	avg. loss 1.07
		Avg. mAP 61.79 (%) mAP@0.3 70.17 (%) mAP@0.4 68.15 (%) mAP@0.5 63.19 (%) mAP@0.6 56.57 (%) mAP@0.7 50.86 (%) 
		Acc 70.61 (%) Prec 53.27 (%) Rec 70.61 (%) F1 56.01 (%)
Epoch: [275/305]
TRAINING:	avg. loss 0.06
VALIDATION:	avg. loss 1.05
		Avg. mAP 61.64 (%) mAP@0.3 70.18 (%) mAP@0.4 68.14 (%) mAP@0.5 63.19 (%) mAP@0.6 56.39 (%) mAP@0.7 50.29 (%) 
		Acc 70.40 (%) Prec 53.08 (%) Rec 70.40 (%) F1 55.82 (%)
Epoch: [276/305]
TRAINING:	avg. loss 0.05
VALIDATION:	avg. loss 1.06
		Avg. mAP 61.64 (%) mAP@0.3 70.18 (%) mAP@0.4 68.13 (%) mAP@0.5 63.20 (%) mAP@0.6 56.37 (%) mAP@0.7 50.34 (%) 
		Acc 70.37 (%) Prec 52.94 (%) Rec 70.37 (%) F1 55.73 (%)
Epoch: [277/305]
TRAINING:	avg. loss 0.05
VALIDATION:	avg. loss 1.08
		Avg. mAP 61.70 (%) mAP@0.3 70.19 (%) mAP@0.4 68.13 (%) mAP@0.5 63.47 (%) mAP@0.6 55.82 (%) mAP@0.7 50.90 (%) 
		Acc 70.87 (%) Prec 52.82 (%) Rec 70.87 (%) F1 55.94 (%)
Epoch: [278/305]
TRAINING:	avg. loss 0.04
VALIDATION:	avg. loss 1.09
		Avg. mAP 61.51 (%) mAP@0.3 70.10 (%) mAP@0.4 67.98 (%) mAP@0.5 63.04 (%) mAP@0.6 56.35 (%) mAP@0.7 50.10 (%) 
		Acc 70.83 (%) Prec 52.61 (%) Rec 70.83 (%) F1 55.77 (%)
Epoch: [279/305]
TRAINING:	avg. loss 0.04
VALIDATION:	avg. loss 1.09
		Avg. mAP 61.32 (%) mAP@0.3 69.90 (%) mAP@0.4 67.76 (%) mAP@0.5 62.85 (%) mAP@0.6 56.16 (%) mAP@0.7 49.91 (%) 
		Acc 70.00 (%) Prec 52.15 (%) Rec 70.00 (%) F1 55.25 (%)
Epoch: [280/305]
TRAINING:	avg. loss 0.05
VALIDATION:	avg. loss 1.07
		Avg. mAP 61.25 (%) mAP@0.3 69.90 (%) mAP@0.4 67.59 (%) mAP@0.5 62.70 (%) mAP@0.6 56.15 (%) mAP@0.7 49.88 (%) 
		Acc 69.98 (%) Prec 52.27 (%) Rec 69.98 (%) F1 55.31 (%)
Epoch: [281/305]
TRAINING:	avg. loss 0.05
VALIDATION:	avg. loss 1.06
		Avg. mAP 61.31 (%) mAP@0.3 69.92 (%) mAP@0.4 67.59 (%) mAP@0.5 62.98 (%) mAP@0.6 56.16 (%) mAP@0.7 49.92 (%) 
		Acc 70.83 (%) Prec 52.68 (%) Rec 70.83 (%) F1 55.84 (%)
Epoch: [282/305]
TRAINING:	avg. loss 0.05
VALIDATION:	avg. loss 1.08
		Avg. mAP 61.32 (%) mAP@0.3 69.95 (%) mAP@0.4 67.62 (%) mAP@0.5 63.01 (%) mAP@0.6 56.08 (%) mAP@0.7 49.91 (%) 
		Acc 70.70 (%) Prec 52.50 (%) Rec 70.70 (%) F1 55.70 (%)
Epoch: [283/305]
TRAINING:	avg. loss 0.04
VALIDATION:	avg. loss 1.08
		Avg. mAP 61.30 (%) mAP@0.3 69.99 (%) mAP@0.4 67.68 (%) mAP@0.5 63.02 (%) mAP@0.6 56.01 (%) mAP@0.7 49.79 (%) 
		Acc 70.75 (%) Prec 52.27 (%) Rec 70.75 (%) F1 55.58 (%)
Epoch: [284/305]
TRAINING:	avg. loss 0.05
VALIDATION:	avg. loss 1.09
		Avg. mAP 61.29 (%) mAP@0.3 69.98 (%) mAP@0.4 67.67 (%) mAP@0.5 62.99 (%) mAP@0.6 56.00 (%) mAP@0.7 49.79 (%) 
		Acc 70.84 (%) Prec 52.28 (%) Rec 70.84 (%) F1 55.62 (%)
Epoch: [285/305]
TRAINING:	avg. loss 0.05
VALIDATION:	avg. loss 1.11
		Avg. mAP 61.27 (%) mAP@0.3 69.93 (%) mAP@0.4 67.60 (%) mAP@0.5 62.92 (%) mAP@0.6 56.05 (%) mAP@0.7 49.85 (%) 
		Acc 70.02 (%) Prec 51.88 (%) Rec 70.02 (%) F1 55.14 (%)
Epoch: [286/305]
TRAINING:	avg. loss 0.05
VALIDATION:	avg. loss 1.09
		Avg. mAP 61.27 (%) mAP@0.3 69.91 (%) mAP@0.4 67.61 (%) mAP@0.5 62.93 (%) mAP@0.6 56.05 (%) mAP@0.7 49.87 (%) 
		Acc 70.01 (%) Prec 51.83 (%) Rec 70.01 (%) F1 55.11 (%)
Epoch: [287/305]
TRAINING:	avg. loss 0.04
VALIDATION:	avg. loss 1.10
		Avg. mAP 61.36 (%) mAP@0.3 70.01 (%) mAP@0.4 67.73 (%) mAP@0.5 63.05 (%) mAP@0.6 56.09 (%) mAP@0.7 49.89 (%) 
		Acc 70.00 (%) Prec 51.89 (%) Rec 70.00 (%) F1 55.13 (%)
Epoch: [288/305]
TRAINING:	avg. loss 0.04
VALIDATION:	avg. loss 1.09
		Avg. mAP 61.37 (%) mAP@0.3 70.02 (%) mAP@0.4 67.74 (%) mAP@0.5 63.07 (%) mAP@0.6 56.11 (%) mAP@0.7 49.91 (%) 
		Acc 69.65 (%) Prec 51.80 (%) Rec 69.65 (%) F1 54.90 (%)
Epoch: [289/305]
TRAINING:	avg. loss 0.05
VALIDATION:	avg. loss 1.07
		Avg. mAP 61.49 (%) mAP@0.3 70.06 (%) mAP@0.4 67.80 (%) mAP@0.5 63.16 (%) mAP@0.6 56.32 (%) mAP@0.7 50.11 (%) 
		Acc 69.99 (%) Prec 51.97 (%) Rec 69.99 (%) F1 55.14 (%)
Epoch: [290/305]
TRAINING:	avg. loss 0.05
VALIDATION:	avg. loss 1.09
		Avg. mAP 61.54 (%) mAP@0.3 70.08 (%) mAP@0.4 67.83 (%) mAP@0.5 63.20 (%) mAP@0.6 56.29 (%) mAP@0.7 50.28 (%) 
		Acc 69.98 (%) Prec 51.98 (%) Rec 69.98 (%) F1 55.13 (%)
Epoch: [291/305]
TRAINING:	avg. loss 0.05
VALIDATION:	avg. loss 1.07
		Avg. mAP 61.47 (%) mAP@0.3 70.07 (%) mAP@0.4 67.82 (%) mAP@0.5 63.18 (%) mAP@0.6 56.16 (%) mAP@0.7 50.13 (%) 
		Acc 69.97 (%) Prec 51.96 (%) Rec 69.97 (%) F1 55.11 (%)
Epoch: [292/305]
TRAINING:	avg. loss 0.05
VALIDATION:	avg. loss 1.07
		Avg. mAP 61.58 (%) mAP@0.3 70.14 (%) mAP@0.4 67.88 (%) mAP@0.5 63.25 (%) mAP@0.6 56.33 (%) mAP@0.7 50.28 (%) 
		Acc 69.98 (%) Prec 51.96 (%) Rec 69.98 (%) F1 55.12 (%)
Epoch: [293/305]
TRAINING:	avg. loss 0.05
VALIDATION:	avg. loss 1.08
		Avg. mAP 61.62 (%) mAP@0.3 70.06 (%) mAP@0.4 67.84 (%) mAP@0.5 63.22 (%) mAP@0.6 56.20 (%) mAP@0.7 50.75 (%) 
		Acc 69.99 (%) Prec 51.97 (%) Rec 69.99 (%) F1 55.12 (%)
Epoch: [294/305]
TRAINING:	avg. loss 0.05
VALIDATION:	avg. loss 1.06
		Avg. mAP 61.56 (%) mAP@0.3 70.02 (%) mAP@0.4 67.80 (%) mAP@0.5 63.17 (%) mAP@0.6 56.16 (%) mAP@0.7 50.69 (%) 
		Acc 70.00 (%) Prec 51.97 (%) Rec 70.00 (%) F1 55.13 (%)
Epoch: [295/305]
TRAINING:	avg. loss 0.04
VALIDATION:	avg. loss 1.08
		Avg. mAP 61.43 (%) mAP@0.3 70.02 (%) mAP@0.4 67.80 (%) mAP@0.5 63.16 (%) mAP@0.6 56.15 (%) mAP@0.7 50.04 (%) 
		Acc 70.00 (%) Prec 51.97 (%) Rec 70.00 (%) F1 55.13 (%)
Epoch: [296/305]
TRAINING:	avg. loss 0.04
VALIDATION:	avg. loss 1.07
		Avg. mAP 61.42 (%) mAP@0.3 70.00 (%) mAP@0.4 67.78 (%) mAP@0.5 63.15 (%) mAP@0.6 56.14 (%) mAP@0.7 50.00 (%) 
		Acc 70.01 (%) Prec 51.97 (%) Rec 70.01 (%) F1 55.13 (%)
Epoch: [297/305]
TRAINING:	avg. loss 0.05
VALIDATION:	avg. loss 1.09
		Avg. mAP 61.40 (%) mAP@0.3 69.99 (%) mAP@0.4 67.77 (%) mAP@0.5 63.14 (%) mAP@0.6 56.13 (%) mAP@0.7 49.99 (%) 
		Acc 70.01 (%) Prec 51.97 (%) Rec 70.01 (%) F1 55.14 (%)
Epoch: [298/305]
TRAINING:	avg. loss 0.05
VALIDATION:	avg. loss 1.09
		Avg. mAP 61.40 (%) mAP@0.3 69.99 (%) mAP@0.4 67.77 (%) mAP@0.5 63.14 (%) mAP@0.6 56.13 (%) mAP@0.7 49.99 (%) 
		Acc 70.01 (%) Prec 51.97 (%) Rec 70.01 (%) F1 55.13 (%)
Epoch: [299/305]
TRAINING:	avg. loss 0.04
VALIDATION:	avg. loss 1.10
		Avg. mAP 61.40 (%) mAP@0.3 69.99 (%) mAP@0.4 67.77 (%) mAP@0.5 63.14 (%) mAP@0.6 56.13 (%) mAP@0.7 49.99 (%) 
		Acc 70.01 (%) Prec 51.97 (%) Rec 70.01 (%) F1 55.13 (%)
Epoch: [300/305]
TRAINING:	avg. loss 0.05
VALIDATION:	avg. loss 1.08
		Avg. mAP 61.40 (%) mAP@0.3 69.99 (%) mAP@0.4 67.77 (%) mAP@0.5 63.14 (%) mAP@0.6 56.13 (%) mAP@0.7 49.99 (%) 
		Acc 70.01 (%) Prec 51.97 (%) Rec 70.01 (%) F1 55.13 (%)
Epoch: [301/305]
TRAINING:	avg. loss 0.04
VALIDATION:	avg. loss 1.09
		Avg. mAP 61.39 (%) mAP@0.3 69.98 (%) mAP@0.4 67.76 (%) mAP@0.5 63.13 (%) mAP@0.6 56.12 (%) mAP@0.7 49.98 (%) 
		Acc 70.01 (%) Prec 51.97 (%) Rec 70.01 (%) F1 55.13 (%)
Epoch: [302/305]
TRAINING:	avg. loss 0.04
VALIDATION:	avg. loss 1.09
		Avg. mAP 61.39 (%) mAP@0.3 69.98 (%) mAP@0.4 67.76 (%) mAP@0.5 63.13 (%) mAP@0.6 56.12 (%) mAP@0.7 49.98 (%) 
		Acc 70.01 (%) Prec 51.97 (%) Rec 70.01 (%) F1 55.13 (%)
Epoch: [303/305]
TRAINING:	avg. loss 0.05
VALIDATION:	avg. loss 1.07
		Avg. mAP 61.39 (%) mAP@0.3 69.98 (%) mAP@0.4 67.76 (%) mAP@0.5 63.13 (%) mAP@0.6 56.12 (%) mAP@0.7 49.98 (%) 
		Acc 70.01 (%) Prec 51.97 (%) Rec 70.01 (%) F1 55.13 (%)
Epoch: [304/305]
TRAINING:	avg. loss 0.05
VALIDATION:	avg. loss 1.06
		Avg. mAP 61.39 (%) mAP@0.3 69.98 (%) mAP@0.4 67.76 (%) mAP@0.5 63.13 (%) mAP@0.6 56.12 (%) mAP@0.7 49.98 (%) 
		Acc 70.01 (%) Prec 51.97 (%) Rec 70.01 (%) F1 55.13 (%)

FINAL RESULTS SPLIT 1
TRAINING:	avg. loss 0.12
VALIDATION:	avg. loss 1.09

		Avg. mAP 61.39 (%) mAP@0.3 69.98 (%) mAP@0.4 67.76 (%) mAP@0.5 63.13 (%) mAP@0.6 56.12 (%) mAP@0.7 49.98 (%) 
		Acc 70.01 (%) Prec 51.97 (%) Rec 70.01 (%) F1 55.13 (%)

Split 2 / 3
Number of learnable parameters for ActionFormer: 28406945
